ARM GAS  /tmp/ccaiQdui.s 			page 1


   1              		.cpu cortex-m4
   2              		.eabi_attribute 27, 1
   3              		.eabi_attribute 28, 1
   4              		.eabi_attribute 20, 1
   5              		.eabi_attribute 21, 1
   6              		.eabi_attribute 23, 3
   7              		.eabi_attribute 24, 1
   8              		.eabi_attribute 25, 1
   9              		.eabi_attribute 26, 1
  10              		.eabi_attribute 30, 1
  11              		.eabi_attribute 34, 1
  12              		.eabi_attribute 18, 4
  13              		.file	"stm32f4xx_hal_exti.c"
  14              		.text
  15              	.Ltext0:
  16              		.cfi_sections	.debug_frame
  17              		.section	.text.HAL_EXTI_SetConfigLine,"ax",%progbits
  18              		.align	1
  19              		.global	HAL_EXTI_SetConfigLine
  20              		.arch armv7e-m
  21              		.syntax unified
  22              		.thumb
  23              		.thumb_func
  24              		.fpu fpv4-sp-d16
  26              	HAL_EXTI_SetConfigLine:
  27              	.LVL0:
  28              	.LFB235:
  29              		.file 1 "Drivers/STM32F4xx_HAL_Driver/Src/stm32f4xx_hal_exti.c"
   1:Drivers/STM32F4xx_HAL_Driver/Src/stm32f4xx_hal_exti.c **** /**
   2:Drivers/STM32F4xx_HAL_Driver/Src/stm32f4xx_hal_exti.c ****   ******************************************************************************
   3:Drivers/STM32F4xx_HAL_Driver/Src/stm32f4xx_hal_exti.c ****   * @file    stm32f4xx_hal_exti.c
   4:Drivers/STM32F4xx_HAL_Driver/Src/stm32f4xx_hal_exti.c ****   * @author  MCD Application Team
   5:Drivers/STM32F4xx_HAL_Driver/Src/stm32f4xx_hal_exti.c ****   * @brief   EXTI HAL module driver.
   6:Drivers/STM32F4xx_HAL_Driver/Src/stm32f4xx_hal_exti.c ****   *          This file provides firmware functions to manage the following
   7:Drivers/STM32F4xx_HAL_Driver/Src/stm32f4xx_hal_exti.c ****   *          functionalities of the Extended Interrupts and events controller (EXTI) peripheral:
   8:Drivers/STM32F4xx_HAL_Driver/Src/stm32f4xx_hal_exti.c ****   *           + Initialization and de-initialization functions
   9:Drivers/STM32F4xx_HAL_Driver/Src/stm32f4xx_hal_exti.c ****   *           + IO operation functions
  10:Drivers/STM32F4xx_HAL_Driver/Src/stm32f4xx_hal_exti.c ****   *
  11:Drivers/STM32F4xx_HAL_Driver/Src/stm32f4xx_hal_exti.c ****   ******************************************************************************
  12:Drivers/STM32F4xx_HAL_Driver/Src/stm32f4xx_hal_exti.c ****   * @attention
  13:Drivers/STM32F4xx_HAL_Driver/Src/stm32f4xx_hal_exti.c ****   *
  14:Drivers/STM32F4xx_HAL_Driver/Src/stm32f4xx_hal_exti.c ****   * Copyright (c) 2018 STMicroelectronics.
  15:Drivers/STM32F4xx_HAL_Driver/Src/stm32f4xx_hal_exti.c ****   * All rights reserved.
  16:Drivers/STM32F4xx_HAL_Driver/Src/stm32f4xx_hal_exti.c ****   *
  17:Drivers/STM32F4xx_HAL_Driver/Src/stm32f4xx_hal_exti.c ****   * This software is licensed under terms that can be found in the LICENSE file
  18:Drivers/STM32F4xx_HAL_Driver/Src/stm32f4xx_hal_exti.c ****   * in the root directory of this software component.
  19:Drivers/STM32F4xx_HAL_Driver/Src/stm32f4xx_hal_exti.c ****   * If no LICENSE file comes with this software, it is provided AS-IS.
  20:Drivers/STM32F4xx_HAL_Driver/Src/stm32f4xx_hal_exti.c ****   *
  21:Drivers/STM32F4xx_HAL_Driver/Src/stm32f4xx_hal_exti.c ****   ******************************************************************************
  22:Drivers/STM32F4xx_HAL_Driver/Src/stm32f4xx_hal_exti.c ****   @verbatim
  23:Drivers/STM32F4xx_HAL_Driver/Src/stm32f4xx_hal_exti.c ****   ==============================================================================
  24:Drivers/STM32F4xx_HAL_Driver/Src/stm32f4xx_hal_exti.c ****                     ##### EXTI Peripheral features #####
  25:Drivers/STM32F4xx_HAL_Driver/Src/stm32f4xx_hal_exti.c ****   ==============================================================================
  26:Drivers/STM32F4xx_HAL_Driver/Src/stm32f4xx_hal_exti.c ****   [..]
  27:Drivers/STM32F4xx_HAL_Driver/Src/stm32f4xx_hal_exti.c ****     (+) Each Exti line can be configured within this driver.
  28:Drivers/STM32F4xx_HAL_Driver/Src/stm32f4xx_hal_exti.c **** 
  29:Drivers/STM32F4xx_HAL_Driver/Src/stm32f4xx_hal_exti.c ****     (+) Exti line can be configured in 3 different modes
ARM GAS  /tmp/ccaiQdui.s 			page 2


  30:Drivers/STM32F4xx_HAL_Driver/Src/stm32f4xx_hal_exti.c ****         (++) Interrupt
  31:Drivers/STM32F4xx_HAL_Driver/Src/stm32f4xx_hal_exti.c ****         (++) Event
  32:Drivers/STM32F4xx_HAL_Driver/Src/stm32f4xx_hal_exti.c ****         (++) Both of them
  33:Drivers/STM32F4xx_HAL_Driver/Src/stm32f4xx_hal_exti.c **** 
  34:Drivers/STM32F4xx_HAL_Driver/Src/stm32f4xx_hal_exti.c ****     (+) Configurable Exti lines can be configured with 3 different triggers
  35:Drivers/STM32F4xx_HAL_Driver/Src/stm32f4xx_hal_exti.c ****         (++) Rising
  36:Drivers/STM32F4xx_HAL_Driver/Src/stm32f4xx_hal_exti.c ****         (++) Falling
  37:Drivers/STM32F4xx_HAL_Driver/Src/stm32f4xx_hal_exti.c ****         (++) Both of them
  38:Drivers/STM32F4xx_HAL_Driver/Src/stm32f4xx_hal_exti.c **** 
  39:Drivers/STM32F4xx_HAL_Driver/Src/stm32f4xx_hal_exti.c ****     (+) When set in interrupt mode, configurable Exti lines have two different
  40:Drivers/STM32F4xx_HAL_Driver/Src/stm32f4xx_hal_exti.c ****         interrupts pending registers which allow to distinguish which transition
  41:Drivers/STM32F4xx_HAL_Driver/Src/stm32f4xx_hal_exti.c ****         occurs:
  42:Drivers/STM32F4xx_HAL_Driver/Src/stm32f4xx_hal_exti.c ****         (++) Rising edge pending interrupt
  43:Drivers/STM32F4xx_HAL_Driver/Src/stm32f4xx_hal_exti.c ****         (++) Falling
  44:Drivers/STM32F4xx_HAL_Driver/Src/stm32f4xx_hal_exti.c **** 
  45:Drivers/STM32F4xx_HAL_Driver/Src/stm32f4xx_hal_exti.c ****     (+) Exti lines 0 to 15 are linked to gpio pin number 0 to 15. Gpio port can
  46:Drivers/STM32F4xx_HAL_Driver/Src/stm32f4xx_hal_exti.c ****         be selected through multiplexer.
  47:Drivers/STM32F4xx_HAL_Driver/Src/stm32f4xx_hal_exti.c **** 
  48:Drivers/STM32F4xx_HAL_Driver/Src/stm32f4xx_hal_exti.c ****                      ##### How to use this driver #####
  49:Drivers/STM32F4xx_HAL_Driver/Src/stm32f4xx_hal_exti.c ****   ==============================================================================
  50:Drivers/STM32F4xx_HAL_Driver/Src/stm32f4xx_hal_exti.c ****   [..]
  51:Drivers/STM32F4xx_HAL_Driver/Src/stm32f4xx_hal_exti.c **** 
  52:Drivers/STM32F4xx_HAL_Driver/Src/stm32f4xx_hal_exti.c ****     (#) Configure the EXTI line using HAL_EXTI_SetConfigLine().
  53:Drivers/STM32F4xx_HAL_Driver/Src/stm32f4xx_hal_exti.c ****         (++) Choose the interrupt line number by setting "Line" member from
  54:Drivers/STM32F4xx_HAL_Driver/Src/stm32f4xx_hal_exti.c ****              EXTI_ConfigTypeDef structure.
  55:Drivers/STM32F4xx_HAL_Driver/Src/stm32f4xx_hal_exti.c ****         (++) Configure the interrupt and/or event mode using "Mode" member from
  56:Drivers/STM32F4xx_HAL_Driver/Src/stm32f4xx_hal_exti.c ****              EXTI_ConfigTypeDef structure.
  57:Drivers/STM32F4xx_HAL_Driver/Src/stm32f4xx_hal_exti.c ****         (++) For configurable lines, configure rising and/or falling trigger
  58:Drivers/STM32F4xx_HAL_Driver/Src/stm32f4xx_hal_exti.c ****              "Trigger" member from EXTI_ConfigTypeDef structure.
  59:Drivers/STM32F4xx_HAL_Driver/Src/stm32f4xx_hal_exti.c ****         (++) For Exti lines linked to gpio, choose gpio port using "GPIOSel"
  60:Drivers/STM32F4xx_HAL_Driver/Src/stm32f4xx_hal_exti.c ****              member from GPIO_InitTypeDef structure.
  61:Drivers/STM32F4xx_HAL_Driver/Src/stm32f4xx_hal_exti.c **** 
  62:Drivers/STM32F4xx_HAL_Driver/Src/stm32f4xx_hal_exti.c ****     (#) Get current Exti configuration of a dedicated line using
  63:Drivers/STM32F4xx_HAL_Driver/Src/stm32f4xx_hal_exti.c ****         HAL_EXTI_GetConfigLine().
  64:Drivers/STM32F4xx_HAL_Driver/Src/stm32f4xx_hal_exti.c ****         (++) Provide exiting handle as parameter.
  65:Drivers/STM32F4xx_HAL_Driver/Src/stm32f4xx_hal_exti.c ****         (++) Provide pointer on EXTI_ConfigTypeDef structure as second parameter.
  66:Drivers/STM32F4xx_HAL_Driver/Src/stm32f4xx_hal_exti.c **** 
  67:Drivers/STM32F4xx_HAL_Driver/Src/stm32f4xx_hal_exti.c ****     (#) Clear Exti configuration of a dedicated line using HAL_EXTI_GetConfigLine().
  68:Drivers/STM32F4xx_HAL_Driver/Src/stm32f4xx_hal_exti.c ****         (++) Provide exiting handle as parameter.
  69:Drivers/STM32F4xx_HAL_Driver/Src/stm32f4xx_hal_exti.c **** 
  70:Drivers/STM32F4xx_HAL_Driver/Src/stm32f4xx_hal_exti.c ****     (#) Register callback to treat Exti interrupts using HAL_EXTI_RegisterCallback().
  71:Drivers/STM32F4xx_HAL_Driver/Src/stm32f4xx_hal_exti.c ****         (++) Provide exiting handle as first parameter.
  72:Drivers/STM32F4xx_HAL_Driver/Src/stm32f4xx_hal_exti.c ****         (++) Provide which callback will be registered using one value from
  73:Drivers/STM32F4xx_HAL_Driver/Src/stm32f4xx_hal_exti.c ****              EXTI_CallbackIDTypeDef.
  74:Drivers/STM32F4xx_HAL_Driver/Src/stm32f4xx_hal_exti.c ****         (++) Provide callback function pointer.
  75:Drivers/STM32F4xx_HAL_Driver/Src/stm32f4xx_hal_exti.c **** 
  76:Drivers/STM32F4xx_HAL_Driver/Src/stm32f4xx_hal_exti.c ****     (#) Get interrupt pending bit using HAL_EXTI_GetPending().
  77:Drivers/STM32F4xx_HAL_Driver/Src/stm32f4xx_hal_exti.c **** 
  78:Drivers/STM32F4xx_HAL_Driver/Src/stm32f4xx_hal_exti.c ****     (#) Clear interrupt pending bit using HAL_EXTI_GetPending().
  79:Drivers/STM32F4xx_HAL_Driver/Src/stm32f4xx_hal_exti.c **** 
  80:Drivers/STM32F4xx_HAL_Driver/Src/stm32f4xx_hal_exti.c ****     (#) Generate software interrupt using HAL_EXTI_GenerateSWI().
  81:Drivers/STM32F4xx_HAL_Driver/Src/stm32f4xx_hal_exti.c **** 
  82:Drivers/STM32F4xx_HAL_Driver/Src/stm32f4xx_hal_exti.c ****   @endverbatim
  83:Drivers/STM32F4xx_HAL_Driver/Src/stm32f4xx_hal_exti.c ****   */
  84:Drivers/STM32F4xx_HAL_Driver/Src/stm32f4xx_hal_exti.c **** 
  85:Drivers/STM32F4xx_HAL_Driver/Src/stm32f4xx_hal_exti.c **** /* Includes ------------------------------------------------------------------*/
  86:Drivers/STM32F4xx_HAL_Driver/Src/stm32f4xx_hal_exti.c **** #include "stm32f4xx_hal.h"
ARM GAS  /tmp/ccaiQdui.s 			page 3


  87:Drivers/STM32F4xx_HAL_Driver/Src/stm32f4xx_hal_exti.c **** 
  88:Drivers/STM32F4xx_HAL_Driver/Src/stm32f4xx_hal_exti.c **** /** @addtogroup STM32F4xx_HAL_Driver
  89:Drivers/STM32F4xx_HAL_Driver/Src/stm32f4xx_hal_exti.c ****   * @{
  90:Drivers/STM32F4xx_HAL_Driver/Src/stm32f4xx_hal_exti.c ****   */
  91:Drivers/STM32F4xx_HAL_Driver/Src/stm32f4xx_hal_exti.c **** 
  92:Drivers/STM32F4xx_HAL_Driver/Src/stm32f4xx_hal_exti.c **** /** @addtogroup EXTI
  93:Drivers/STM32F4xx_HAL_Driver/Src/stm32f4xx_hal_exti.c ****   * @{
  94:Drivers/STM32F4xx_HAL_Driver/Src/stm32f4xx_hal_exti.c ****   */
  95:Drivers/STM32F4xx_HAL_Driver/Src/stm32f4xx_hal_exti.c **** /** MISRA C:2012 deviation rule has been granted for following rule:
  96:Drivers/STM32F4xx_HAL_Driver/Src/stm32f4xx_hal_exti.c ****   * Rule-18.1_b - Medium: Array `EXTICR' 1st subscript interval [0,7] may be out
  97:Drivers/STM32F4xx_HAL_Driver/Src/stm32f4xx_hal_exti.c ****   * of bounds [0,3] in following API :
  98:Drivers/STM32F4xx_HAL_Driver/Src/stm32f4xx_hal_exti.c ****   * HAL_EXTI_SetConfigLine
  99:Drivers/STM32F4xx_HAL_Driver/Src/stm32f4xx_hal_exti.c ****   * HAL_EXTI_GetConfigLine
 100:Drivers/STM32F4xx_HAL_Driver/Src/stm32f4xx_hal_exti.c ****   * HAL_EXTI_ClearConfigLine
 101:Drivers/STM32F4xx_HAL_Driver/Src/stm32f4xx_hal_exti.c ****   */
 102:Drivers/STM32F4xx_HAL_Driver/Src/stm32f4xx_hal_exti.c **** 
 103:Drivers/STM32F4xx_HAL_Driver/Src/stm32f4xx_hal_exti.c **** #ifdef HAL_EXTI_MODULE_ENABLED
 104:Drivers/STM32F4xx_HAL_Driver/Src/stm32f4xx_hal_exti.c **** 
 105:Drivers/STM32F4xx_HAL_Driver/Src/stm32f4xx_hal_exti.c **** /* Private typedef -----------------------------------------------------------*/
 106:Drivers/STM32F4xx_HAL_Driver/Src/stm32f4xx_hal_exti.c **** /* Private defines -----------------------------------------------------------*/
 107:Drivers/STM32F4xx_HAL_Driver/Src/stm32f4xx_hal_exti.c **** /** @defgroup EXTI_Private_Constants EXTI Private Constants
 108:Drivers/STM32F4xx_HAL_Driver/Src/stm32f4xx_hal_exti.c ****   * @{
 109:Drivers/STM32F4xx_HAL_Driver/Src/stm32f4xx_hal_exti.c ****   */
 110:Drivers/STM32F4xx_HAL_Driver/Src/stm32f4xx_hal_exti.c **** 
 111:Drivers/STM32F4xx_HAL_Driver/Src/stm32f4xx_hal_exti.c **** /**
 112:Drivers/STM32F4xx_HAL_Driver/Src/stm32f4xx_hal_exti.c ****   * @}
 113:Drivers/STM32F4xx_HAL_Driver/Src/stm32f4xx_hal_exti.c ****   */
 114:Drivers/STM32F4xx_HAL_Driver/Src/stm32f4xx_hal_exti.c **** 
 115:Drivers/STM32F4xx_HAL_Driver/Src/stm32f4xx_hal_exti.c **** /* Private macros ------------------------------------------------------------*/
 116:Drivers/STM32F4xx_HAL_Driver/Src/stm32f4xx_hal_exti.c **** /* Private variables ---------------------------------------------------------*/
 117:Drivers/STM32F4xx_HAL_Driver/Src/stm32f4xx_hal_exti.c **** /* Private function prototypes -----------------------------------------------*/
 118:Drivers/STM32F4xx_HAL_Driver/Src/stm32f4xx_hal_exti.c **** /* Exported functions --------------------------------------------------------*/
 119:Drivers/STM32F4xx_HAL_Driver/Src/stm32f4xx_hal_exti.c **** 
 120:Drivers/STM32F4xx_HAL_Driver/Src/stm32f4xx_hal_exti.c **** /** @addtogroup EXTI_Exported_Functions
 121:Drivers/STM32F4xx_HAL_Driver/Src/stm32f4xx_hal_exti.c ****   * @{
 122:Drivers/STM32F4xx_HAL_Driver/Src/stm32f4xx_hal_exti.c ****   */
 123:Drivers/STM32F4xx_HAL_Driver/Src/stm32f4xx_hal_exti.c **** 
 124:Drivers/STM32F4xx_HAL_Driver/Src/stm32f4xx_hal_exti.c **** /** @addtogroup EXTI_Exported_Functions_Group1
 125:Drivers/STM32F4xx_HAL_Driver/Src/stm32f4xx_hal_exti.c ****   *  @brief    Configuration functions
 126:Drivers/STM32F4xx_HAL_Driver/Src/stm32f4xx_hal_exti.c ****   *
 127:Drivers/STM32F4xx_HAL_Driver/Src/stm32f4xx_hal_exti.c **** @verbatim
 128:Drivers/STM32F4xx_HAL_Driver/Src/stm32f4xx_hal_exti.c ****  ===============================================================================
 129:Drivers/STM32F4xx_HAL_Driver/Src/stm32f4xx_hal_exti.c ****               ##### Configuration functions #####
 130:Drivers/STM32F4xx_HAL_Driver/Src/stm32f4xx_hal_exti.c ****  ===============================================================================
 131:Drivers/STM32F4xx_HAL_Driver/Src/stm32f4xx_hal_exti.c **** 
 132:Drivers/STM32F4xx_HAL_Driver/Src/stm32f4xx_hal_exti.c **** @endverbatim
 133:Drivers/STM32F4xx_HAL_Driver/Src/stm32f4xx_hal_exti.c ****   * @{
 134:Drivers/STM32F4xx_HAL_Driver/Src/stm32f4xx_hal_exti.c ****   */
 135:Drivers/STM32F4xx_HAL_Driver/Src/stm32f4xx_hal_exti.c **** 
 136:Drivers/STM32F4xx_HAL_Driver/Src/stm32f4xx_hal_exti.c **** /**
 137:Drivers/STM32F4xx_HAL_Driver/Src/stm32f4xx_hal_exti.c ****   * @brief  Set configuration of a dedicated Exti line.
 138:Drivers/STM32F4xx_HAL_Driver/Src/stm32f4xx_hal_exti.c ****   * @param  hexti Exti handle.
 139:Drivers/STM32F4xx_HAL_Driver/Src/stm32f4xx_hal_exti.c ****   * @param  pExtiConfig Pointer on EXTI configuration to be set.
 140:Drivers/STM32F4xx_HAL_Driver/Src/stm32f4xx_hal_exti.c ****   * @retval HAL Status.
 141:Drivers/STM32F4xx_HAL_Driver/Src/stm32f4xx_hal_exti.c ****   */
 142:Drivers/STM32F4xx_HAL_Driver/Src/stm32f4xx_hal_exti.c **** HAL_StatusTypeDef HAL_EXTI_SetConfigLine(EXTI_HandleTypeDef *hexti, EXTI_ConfigTypeDef *pExtiConfig
 143:Drivers/STM32F4xx_HAL_Driver/Src/stm32f4xx_hal_exti.c **** {
ARM GAS  /tmp/ccaiQdui.s 			page 4


  30              		.loc 1 143 1 view -0
  31              		.cfi_startproc
  32              		@ args = 0, pretend = 0, frame = 0
  33              		@ frame_needed = 0, uses_anonymous_args = 0
  34              		@ link register save eliminated.
 144:Drivers/STM32F4xx_HAL_Driver/Src/stm32f4xx_hal_exti.c ****   uint32_t regval;
  35              		.loc 1 144 3 view .LVU1
 145:Drivers/STM32F4xx_HAL_Driver/Src/stm32f4xx_hal_exti.c ****   uint32_t linepos;
  36              		.loc 1 145 3 view .LVU2
 146:Drivers/STM32F4xx_HAL_Driver/Src/stm32f4xx_hal_exti.c ****   uint32_t maskline;
  37              		.loc 1 146 3 view .LVU3
 147:Drivers/STM32F4xx_HAL_Driver/Src/stm32f4xx_hal_exti.c **** 
 148:Drivers/STM32F4xx_HAL_Driver/Src/stm32f4xx_hal_exti.c ****   /* Check null pointer */
 149:Drivers/STM32F4xx_HAL_Driver/Src/stm32f4xx_hal_exti.c ****   if ((hexti == NULL) || (pExtiConfig == NULL))
  38              		.loc 1 149 3 view .LVU4
  39              		.loc 1 149 6 is_stmt 0 view .LVU5
  40 0000 0028     		cmp	r0, #0
  41 0002 60D0     		beq	.L11
  42              		.loc 1 149 23 discriminator 1 view .LVU6
  43 0004 0029     		cmp	r1, #0
  44 0006 60D0     		beq	.L12
 143:Drivers/STM32F4xx_HAL_Driver/Src/stm32f4xx_hal_exti.c ****   uint32_t regval;
  45              		.loc 1 143 1 view .LVU7
  46 0008 70B4     		push	{r4, r5, r6}
  47              		.cfi_def_cfa_offset 12
  48              		.cfi_offset 4, -12
  49              		.cfi_offset 5, -8
  50              		.cfi_offset 6, -4
 150:Drivers/STM32F4xx_HAL_Driver/Src/stm32f4xx_hal_exti.c ****   {
 151:Drivers/STM32F4xx_HAL_Driver/Src/stm32f4xx_hal_exti.c ****     return HAL_ERROR;
 152:Drivers/STM32F4xx_HAL_Driver/Src/stm32f4xx_hal_exti.c ****   }
 153:Drivers/STM32F4xx_HAL_Driver/Src/stm32f4xx_hal_exti.c **** 
 154:Drivers/STM32F4xx_HAL_Driver/Src/stm32f4xx_hal_exti.c ****   /* Check parameters */
 155:Drivers/STM32F4xx_HAL_Driver/Src/stm32f4xx_hal_exti.c ****   assert_param(IS_EXTI_LINE(pExtiConfig->Line));
  51              		.loc 1 155 3 is_stmt 1 view .LVU8
 156:Drivers/STM32F4xx_HAL_Driver/Src/stm32f4xx_hal_exti.c ****   assert_param(IS_EXTI_MODE(pExtiConfig->Mode));
  52              		.loc 1 156 3 view .LVU9
 157:Drivers/STM32F4xx_HAL_Driver/Src/stm32f4xx_hal_exti.c **** 
 158:Drivers/STM32F4xx_HAL_Driver/Src/stm32f4xx_hal_exti.c ****   /* Assign line number to handle */
 159:Drivers/STM32F4xx_HAL_Driver/Src/stm32f4xx_hal_exti.c ****   hexti->Line = pExtiConfig->Line;
  53              		.loc 1 159 3 view .LVU10
  54              		.loc 1 159 28 is_stmt 0 view .LVU11
  55 000a 0B68     		ldr	r3, [r1]
  56              		.loc 1 159 15 view .LVU12
  57 000c 0360     		str	r3, [r0]
 160:Drivers/STM32F4xx_HAL_Driver/Src/stm32f4xx_hal_exti.c **** 
 161:Drivers/STM32F4xx_HAL_Driver/Src/stm32f4xx_hal_exti.c ****   /* Compute line mask */
 162:Drivers/STM32F4xx_HAL_Driver/Src/stm32f4xx_hal_exti.c ****   linepos = (pExtiConfig->Line & EXTI_PIN_MASK);
  58              		.loc 1 162 3 is_stmt 1 view .LVU13
  59              		.loc 1 162 11 is_stmt 0 view .LVU14
  60 000e 03F01F02 		and	r2, r3, #31
  61              	.LVL1:
 163:Drivers/STM32F4xx_HAL_Driver/Src/stm32f4xx_hal_exti.c ****   maskline = (1uL << linepos);
  62              		.loc 1 163 3 is_stmt 1 view .LVU15
  63              		.loc 1 163 12 is_stmt 0 view .LVU16
  64 0012 0120     		movs	r0, #1
  65              	.LVL2:
ARM GAS  /tmp/ccaiQdui.s 			page 5


  66              		.loc 1 163 12 view .LVU17
  67 0014 9040     		lsls	r0, r0, r2
  68              	.LVL3:
 164:Drivers/STM32F4xx_HAL_Driver/Src/stm32f4xx_hal_exti.c **** 
 165:Drivers/STM32F4xx_HAL_Driver/Src/stm32f4xx_hal_exti.c ****   /* Configure triggers for configurable lines */
 166:Drivers/STM32F4xx_HAL_Driver/Src/stm32f4xx_hal_exti.c ****   if ((pExtiConfig->Line & EXTI_CONFIG) != 0x00u)
  69              		.loc 1 166 3 is_stmt 1 view .LVU18
  70              		.loc 1 166 6 is_stmt 0 view .LVU19
  71 0016 13F0007F 		tst	r3, #33554432
  72 001a 15D0     		beq	.L3
 167:Drivers/STM32F4xx_HAL_Driver/Src/stm32f4xx_hal_exti.c ****   {
 168:Drivers/STM32F4xx_HAL_Driver/Src/stm32f4xx_hal_exti.c ****     assert_param(IS_EXTI_TRIGGER(pExtiConfig->Trigger));
  73              		.loc 1 168 5 is_stmt 1 view .LVU20
 169:Drivers/STM32F4xx_HAL_Driver/Src/stm32f4xx_hal_exti.c **** 
 170:Drivers/STM32F4xx_HAL_Driver/Src/stm32f4xx_hal_exti.c ****     /* Configure rising trigger */
 171:Drivers/STM32F4xx_HAL_Driver/Src/stm32f4xx_hal_exti.c ****     /* Mask or set line */
 172:Drivers/STM32F4xx_HAL_Driver/Src/stm32f4xx_hal_exti.c ****     if ((pExtiConfig->Trigger & EXTI_TRIGGER_RISING) != 0x00u)
  74              		.loc 1 172 5 view .LVU21
  75              		.loc 1 172 8 is_stmt 0 view .LVU22
  76 001c 8C68     		ldr	r4, [r1, #8]
  77 001e 14F0010F 		tst	r4, #1
  78 0022 24D0     		beq	.L4
 173:Drivers/STM32F4xx_HAL_Driver/Src/stm32f4xx_hal_exti.c ****     {
 174:Drivers/STM32F4xx_HAL_Driver/Src/stm32f4xx_hal_exti.c ****       EXTI->RTSR |= maskline;
  79              		.loc 1 174 7 is_stmt 1 view .LVU23
  80              		.loc 1 174 18 is_stmt 0 view .LVU24
  81 0024 2A4D     		ldr	r5, .L18
  82 0026 AC68     		ldr	r4, [r5, #8]
  83 0028 0443     		orrs	r4, r4, r0
  84 002a AC60     		str	r4, [r5, #8]
  85              	.L5:
 175:Drivers/STM32F4xx_HAL_Driver/Src/stm32f4xx_hal_exti.c ****     }
 176:Drivers/STM32F4xx_HAL_Driver/Src/stm32f4xx_hal_exti.c ****     else
 177:Drivers/STM32F4xx_HAL_Driver/Src/stm32f4xx_hal_exti.c ****     {
 178:Drivers/STM32F4xx_HAL_Driver/Src/stm32f4xx_hal_exti.c ****       EXTI->RTSR &= ~maskline;
 179:Drivers/STM32F4xx_HAL_Driver/Src/stm32f4xx_hal_exti.c ****     }
 180:Drivers/STM32F4xx_HAL_Driver/Src/stm32f4xx_hal_exti.c **** 
 181:Drivers/STM32F4xx_HAL_Driver/Src/stm32f4xx_hal_exti.c ****     /* Configure falling trigger */
 182:Drivers/STM32F4xx_HAL_Driver/Src/stm32f4xx_hal_exti.c ****     /* Mask or set line */
 183:Drivers/STM32F4xx_HAL_Driver/Src/stm32f4xx_hal_exti.c ****     if ((pExtiConfig->Trigger & EXTI_TRIGGER_FALLING) != 0x00u)
  86              		.loc 1 183 5 is_stmt 1 view .LVU25
  87              		.loc 1 183 8 is_stmt 0 view .LVU26
  88 002c 8C68     		ldr	r4, [r1, #8]
  89 002e 14F0020F 		tst	r4, #2
  90 0032 22D0     		beq	.L6
 184:Drivers/STM32F4xx_HAL_Driver/Src/stm32f4xx_hal_exti.c ****     {
 185:Drivers/STM32F4xx_HAL_Driver/Src/stm32f4xx_hal_exti.c ****       EXTI->FTSR |= maskline;
  91              		.loc 1 185 7 is_stmt 1 view .LVU27
  92              		.loc 1 185 18 is_stmt 0 view .LVU28
  93 0034 264D     		ldr	r5, .L18
  94 0036 EC68     		ldr	r4, [r5, #12]
  95 0038 0443     		orrs	r4, r4, r0
  96 003a EC60     		str	r4, [r5, #12]
  97              	.L7:
 186:Drivers/STM32F4xx_HAL_Driver/Src/stm32f4xx_hal_exti.c ****     }
 187:Drivers/STM32F4xx_HAL_Driver/Src/stm32f4xx_hal_exti.c ****     else
 188:Drivers/STM32F4xx_HAL_Driver/Src/stm32f4xx_hal_exti.c ****     {
ARM GAS  /tmp/ccaiQdui.s 			page 6


 189:Drivers/STM32F4xx_HAL_Driver/Src/stm32f4xx_hal_exti.c ****       EXTI->FTSR &= ~maskline;
 190:Drivers/STM32F4xx_HAL_Driver/Src/stm32f4xx_hal_exti.c ****     }
 191:Drivers/STM32F4xx_HAL_Driver/Src/stm32f4xx_hal_exti.c **** 
 192:Drivers/STM32F4xx_HAL_Driver/Src/stm32f4xx_hal_exti.c **** 
 193:Drivers/STM32F4xx_HAL_Driver/Src/stm32f4xx_hal_exti.c ****     /* Configure gpio port selection in case of gpio exti line */
 194:Drivers/STM32F4xx_HAL_Driver/Src/stm32f4xx_hal_exti.c ****     if ((pExtiConfig->Line & EXTI_GPIO) == EXTI_GPIO)
  98              		.loc 1 194 5 is_stmt 1 view .LVU29
  99              		.loc 1 194 28 is_stmt 0 view .LVU30
 100 003c 0C68     		ldr	r4, [r1]
 101 003e 04F0C06C 		and	ip, r4, #100663296
 102              		.loc 1 194 8 view .LVU31
 103 0042 BCF1C06F 		cmp	ip, #100663296
 104 0046 1ED0     		beq	.L17
 105              	.LVL4:
 106              	.L3:
 195:Drivers/STM32F4xx_HAL_Driver/Src/stm32f4xx_hal_exti.c ****     {
 196:Drivers/STM32F4xx_HAL_Driver/Src/stm32f4xx_hal_exti.c ****       assert_param(IS_EXTI_GPIO_PORT(pExtiConfig->GPIOSel));
 197:Drivers/STM32F4xx_HAL_Driver/Src/stm32f4xx_hal_exti.c ****       assert_param(IS_EXTI_GPIO_PIN(linepos));
 198:Drivers/STM32F4xx_HAL_Driver/Src/stm32f4xx_hal_exti.c **** 
 199:Drivers/STM32F4xx_HAL_Driver/Src/stm32f4xx_hal_exti.c ****       regval = SYSCFG->EXTICR[linepos >> 2u];
 200:Drivers/STM32F4xx_HAL_Driver/Src/stm32f4xx_hal_exti.c ****       regval &= ~(SYSCFG_EXTICR1_EXTI0 << (SYSCFG_EXTICR1_EXTI1_Pos * (linepos & 0x03u)));
 201:Drivers/STM32F4xx_HAL_Driver/Src/stm32f4xx_hal_exti.c ****       regval |= (pExtiConfig->GPIOSel << (SYSCFG_EXTICR1_EXTI1_Pos * (linepos & 0x03u)));
 202:Drivers/STM32F4xx_HAL_Driver/Src/stm32f4xx_hal_exti.c ****       SYSCFG->EXTICR[linepos >> 2u] = regval;
 203:Drivers/STM32F4xx_HAL_Driver/Src/stm32f4xx_hal_exti.c ****     }
 204:Drivers/STM32F4xx_HAL_Driver/Src/stm32f4xx_hal_exti.c ****   }
 205:Drivers/STM32F4xx_HAL_Driver/Src/stm32f4xx_hal_exti.c **** 
 206:Drivers/STM32F4xx_HAL_Driver/Src/stm32f4xx_hal_exti.c ****   /* Configure interrupt mode : read current mode */
 207:Drivers/STM32F4xx_HAL_Driver/Src/stm32f4xx_hal_exti.c ****   /* Mask or set line */
 208:Drivers/STM32F4xx_HAL_Driver/Src/stm32f4xx_hal_exti.c ****   if ((pExtiConfig->Mode & EXTI_MODE_INTERRUPT) != 0x00u)
 107              		.loc 1 208 3 is_stmt 1 view .LVU32
 108              		.loc 1 208 19 is_stmt 0 view .LVU33
 109 0048 4B68     		ldr	r3, [r1, #4]
 110              		.loc 1 208 6 view .LVU34
 111 004a 13F0010F 		tst	r3, #1
 112 004e 2DD0     		beq	.L8
 209:Drivers/STM32F4xx_HAL_Driver/Src/stm32f4xx_hal_exti.c ****   {
 210:Drivers/STM32F4xx_HAL_Driver/Src/stm32f4xx_hal_exti.c ****     EXTI->IMR |= maskline;
 113              		.loc 1 210 5 is_stmt 1 view .LVU35
 114              		.loc 1 210 15 is_stmt 0 view .LVU36
 115 0050 1F4A     		ldr	r2, .L18
 116 0052 1368     		ldr	r3, [r2]
 117 0054 0343     		orrs	r3, r3, r0
 118 0056 1360     		str	r3, [r2]
 119              	.L9:
 211:Drivers/STM32F4xx_HAL_Driver/Src/stm32f4xx_hal_exti.c ****   }
 212:Drivers/STM32F4xx_HAL_Driver/Src/stm32f4xx_hal_exti.c ****   else
 213:Drivers/STM32F4xx_HAL_Driver/Src/stm32f4xx_hal_exti.c ****   {
 214:Drivers/STM32F4xx_HAL_Driver/Src/stm32f4xx_hal_exti.c ****     EXTI->IMR &= ~maskline;
 215:Drivers/STM32F4xx_HAL_Driver/Src/stm32f4xx_hal_exti.c ****   }
 216:Drivers/STM32F4xx_HAL_Driver/Src/stm32f4xx_hal_exti.c **** 
 217:Drivers/STM32F4xx_HAL_Driver/Src/stm32f4xx_hal_exti.c ****   /* Configure event mode : read current mode */
 218:Drivers/STM32F4xx_HAL_Driver/Src/stm32f4xx_hal_exti.c ****   /* Mask or set line */
 219:Drivers/STM32F4xx_HAL_Driver/Src/stm32f4xx_hal_exti.c ****   if ((pExtiConfig->Mode & EXTI_MODE_EVENT) != 0x00u)
 120              		.loc 1 219 3 is_stmt 1 view .LVU37
 121              		.loc 1 219 19 is_stmt 0 view .LVU38
 122 0058 4B68     		ldr	r3, [r1, #4]
 123              		.loc 1 219 6 view .LVU39
ARM GAS  /tmp/ccaiQdui.s 			page 7


 124 005a 13F0020F 		tst	r3, #2
 125 005e 2BD0     		beq	.L10
 220:Drivers/STM32F4xx_HAL_Driver/Src/stm32f4xx_hal_exti.c ****   {
 221:Drivers/STM32F4xx_HAL_Driver/Src/stm32f4xx_hal_exti.c ****     EXTI->EMR |= maskline;
 126              		.loc 1 221 5 is_stmt 1 view .LVU40
 127              		.loc 1 221 15 is_stmt 0 view .LVU41
 128 0060 1B4A     		ldr	r2, .L18
 129 0062 5368     		ldr	r3, [r2, #4]
 130 0064 1843     		orrs	r0, r0, r3
 131              	.LVL5:
 132              		.loc 1 221 15 view .LVU42
 133 0066 5060     		str	r0, [r2, #4]
 222:Drivers/STM32F4xx_HAL_Driver/Src/stm32f4xx_hal_exti.c ****   }
 223:Drivers/STM32F4xx_HAL_Driver/Src/stm32f4xx_hal_exti.c ****   else
 224:Drivers/STM32F4xx_HAL_Driver/Src/stm32f4xx_hal_exti.c ****   {
 225:Drivers/STM32F4xx_HAL_Driver/Src/stm32f4xx_hal_exti.c ****     EXTI->EMR &= ~maskline;
 226:Drivers/STM32F4xx_HAL_Driver/Src/stm32f4xx_hal_exti.c ****   }
 227:Drivers/STM32F4xx_HAL_Driver/Src/stm32f4xx_hal_exti.c **** 
 228:Drivers/STM32F4xx_HAL_Driver/Src/stm32f4xx_hal_exti.c ****   return HAL_OK;
 134              		.loc 1 228 10 view .LVU43
 135 0068 0020     		movs	r0, #0
 136              	.L2:
 229:Drivers/STM32F4xx_HAL_Driver/Src/stm32f4xx_hal_exti.c **** }
 137              		.loc 1 229 1 view .LVU44
 138 006a 70BC     		pop	{r4, r5, r6}
 139              		.cfi_remember_state
 140              		.cfi_restore 6
 141              		.cfi_restore 5
 142              		.cfi_restore 4
 143              		.cfi_def_cfa_offset 0
 144 006c 7047     		bx	lr
 145              	.LVL6:
 146              	.L4:
 147              		.cfi_restore_state
 178:Drivers/STM32F4xx_HAL_Driver/Src/stm32f4xx_hal_exti.c ****     }
 148              		.loc 1 178 7 is_stmt 1 view .LVU45
 178:Drivers/STM32F4xx_HAL_Driver/Src/stm32f4xx_hal_exti.c ****     }
 149              		.loc 1 178 18 is_stmt 0 view .LVU46
 150 006e 184D     		ldr	r5, .L18
 151 0070 AC68     		ldr	r4, [r5, #8]
 152 0072 24EA0004 		bic	r4, r4, r0
 153 0076 AC60     		str	r4, [r5, #8]
 154 0078 D8E7     		b	.L5
 155              	.L6:
 189:Drivers/STM32F4xx_HAL_Driver/Src/stm32f4xx_hal_exti.c ****     }
 156              		.loc 1 189 7 is_stmt 1 view .LVU47
 189:Drivers/STM32F4xx_HAL_Driver/Src/stm32f4xx_hal_exti.c ****     }
 157              		.loc 1 189 18 is_stmt 0 view .LVU48
 158 007a 154D     		ldr	r5, .L18
 159 007c EC68     		ldr	r4, [r5, #12]
 160 007e 24EA0004 		bic	r4, r4, r0
 161 0082 EC60     		str	r4, [r5, #12]
 162 0084 DAE7     		b	.L7
 163              	.L17:
 196:Drivers/STM32F4xx_HAL_Driver/Src/stm32f4xx_hal_exti.c ****       assert_param(IS_EXTI_GPIO_PIN(linepos));
 164              		.loc 1 196 7 is_stmt 1 view .LVU49
 197:Drivers/STM32F4xx_HAL_Driver/Src/stm32f4xx_hal_exti.c **** 
ARM GAS  /tmp/ccaiQdui.s 			page 8


 165              		.loc 1 197 7 view .LVU50
 199:Drivers/STM32F4xx_HAL_Driver/Src/stm32f4xx_hal_exti.c ****       regval &= ~(SYSCFG_EXTICR1_EXTI0 << (SYSCFG_EXTICR1_EXTI1_Pos * (linepos & 0x03u)));
 166              		.loc 1 199 7 view .LVU51
 199:Drivers/STM32F4xx_HAL_Driver/Src/stm32f4xx_hal_exti.c ****       regval &= ~(SYSCFG_EXTICR1_EXTI0 << (SYSCFG_EXTICR1_EXTI1_Pos * (linepos & 0x03u)));
 167              		.loc 1 199 39 is_stmt 0 view .LVU52
 168 0086 9208     		lsrs	r2, r2, #2
 169              	.LVL7:
 199:Drivers/STM32F4xx_HAL_Driver/Src/stm32f4xx_hal_exti.c ****       regval &= ~(SYSCFG_EXTICR1_EXTI0 << (SYSCFG_EXTICR1_EXTI1_Pos * (linepos & 0x03u)));
 170              		.loc 1 199 14 view .LVU53
 171 0088 124E     		ldr	r6, .L18+4
 172 008a 0232     		adds	r2, r2, #2
 173 008c 56F82240 		ldr	r4, [r6, r2, lsl #2]
 174              	.LVL8:
 200:Drivers/STM32F4xx_HAL_Driver/Src/stm32f4xx_hal_exti.c ****       regval |= (pExtiConfig->GPIOSel << (SYSCFG_EXTICR1_EXTI1_Pos * (linepos & 0x03u)));
 175              		.loc 1 200 7 is_stmt 1 view .LVU54
 200:Drivers/STM32F4xx_HAL_Driver/Src/stm32f4xx_hal_exti.c ****       regval |= (pExtiConfig->GPIOSel << (SYSCFG_EXTICR1_EXTI1_Pos * (linepos & 0x03u)));
 176              		.loc 1 200 80 is_stmt 0 view .LVU55
 177 0090 03F00303 		and	r3, r3, #3
 178              	.LVL9:
 200:Drivers/STM32F4xx_HAL_Driver/Src/stm32f4xx_hal_exti.c ****       regval |= (pExtiConfig->GPIOSel << (SYSCFG_EXTICR1_EXTI1_Pos * (linepos & 0x03u)));
 179              		.loc 1 200 69 view .LVU56
 180 0094 9B00     		lsls	r3, r3, #2
 200:Drivers/STM32F4xx_HAL_Driver/Src/stm32f4xx_hal_exti.c ****       regval |= (pExtiConfig->GPIOSel << (SYSCFG_EXTICR1_EXTI1_Pos * (linepos & 0x03u)));
 181              		.loc 1 200 40 view .LVU57
 182 0096 0F25     		movs	r5, #15
 183 0098 9D40     		lsls	r5, r5, r3
 200:Drivers/STM32F4xx_HAL_Driver/Src/stm32f4xx_hal_exti.c ****       regval |= (pExtiConfig->GPIOSel << (SYSCFG_EXTICR1_EXTI1_Pos * (linepos & 0x03u)));
 184              		.loc 1 200 14 view .LVU58
 185 009a 24EA0504 		bic	r4, r4, r5
 186              	.LVL10:
 201:Drivers/STM32F4xx_HAL_Driver/Src/stm32f4xx_hal_exti.c ****       SYSCFG->EXTICR[linepos >> 2u] = regval;
 187              		.loc 1 201 7 is_stmt 1 view .LVU59
 201:Drivers/STM32F4xx_HAL_Driver/Src/stm32f4xx_hal_exti.c ****       SYSCFG->EXTICR[linepos >> 2u] = regval;
 188              		.loc 1 201 39 is_stmt 0 view .LVU60
 189 009e CD68     		ldr	r5, [r1, #12]
 190 00a0 05FA03F3 		lsl	r3, r5, r3
 201:Drivers/STM32F4xx_HAL_Driver/Src/stm32f4xx_hal_exti.c ****       SYSCFG->EXTICR[linepos >> 2u] = regval;
 191              		.loc 1 201 14 view .LVU61
 192 00a4 2343     		orrs	r3, r3, r4
 193              	.LVL11:
 202:Drivers/STM32F4xx_HAL_Driver/Src/stm32f4xx_hal_exti.c ****     }
 194              		.loc 1 202 7 is_stmt 1 view .LVU62
 202:Drivers/STM32F4xx_HAL_Driver/Src/stm32f4xx_hal_exti.c ****     }
 195              		.loc 1 202 37 is_stmt 0 view .LVU63
 196 00a6 46F82230 		str	r3, [r6, r2, lsl #2]
 197 00aa CDE7     		b	.L3
 198              	.LVL12:
 199              	.L8:
 214:Drivers/STM32F4xx_HAL_Driver/Src/stm32f4xx_hal_exti.c ****   }
 200              		.loc 1 214 5 is_stmt 1 view .LVU64
 214:Drivers/STM32F4xx_HAL_Driver/Src/stm32f4xx_hal_exti.c ****   }
 201              		.loc 1 214 15 is_stmt 0 view .LVU65
 202 00ac 084A     		ldr	r2, .L18
 203 00ae 1368     		ldr	r3, [r2]
 204 00b0 23EA0003 		bic	r3, r3, r0
 205 00b4 1360     		str	r3, [r2]
 206 00b6 CFE7     		b	.L9
ARM GAS  /tmp/ccaiQdui.s 			page 9


 207              	.L10:
 225:Drivers/STM32F4xx_HAL_Driver/Src/stm32f4xx_hal_exti.c ****   }
 208              		.loc 1 225 5 is_stmt 1 view .LVU66
 225:Drivers/STM32F4xx_HAL_Driver/Src/stm32f4xx_hal_exti.c ****   }
 209              		.loc 1 225 15 is_stmt 0 view .LVU67
 210 00b8 054A     		ldr	r2, .L18
 211 00ba 5368     		ldr	r3, [r2, #4]
 212 00bc 23EA0000 		bic	r0, r3, r0
 213              	.LVL13:
 225:Drivers/STM32F4xx_HAL_Driver/Src/stm32f4xx_hal_exti.c ****   }
 214              		.loc 1 225 15 view .LVU68
 215 00c0 5060     		str	r0, [r2, #4]
 228:Drivers/STM32F4xx_HAL_Driver/Src/stm32f4xx_hal_exti.c **** }
 216              		.loc 1 228 10 view .LVU69
 217 00c2 0020     		movs	r0, #0
 218 00c4 D1E7     		b	.L2
 219              	.LVL14:
 220              	.L11:
 221              		.cfi_def_cfa_offset 0
 222              		.cfi_restore 4
 223              		.cfi_restore 5
 224              		.cfi_restore 6
 151:Drivers/STM32F4xx_HAL_Driver/Src/stm32f4xx_hal_exti.c ****   }
 225              		.loc 1 151 12 view .LVU70
 226 00c6 0120     		movs	r0, #1
 227              	.LVL15:
 151:Drivers/STM32F4xx_HAL_Driver/Src/stm32f4xx_hal_exti.c ****   }
 228              		.loc 1 151 12 view .LVU71
 229 00c8 7047     		bx	lr
 230              	.LVL16:
 231              	.L12:
 151:Drivers/STM32F4xx_HAL_Driver/Src/stm32f4xx_hal_exti.c ****   }
 232              		.loc 1 151 12 view .LVU72
 233 00ca 0120     		movs	r0, #1
 234              	.LVL17:
 235              		.loc 1 229 1 view .LVU73
 236 00cc 7047     		bx	lr
 237              	.L19:
 238 00ce 00BF     		.align	2
 239              	.L18:
 240 00d0 003C0140 		.word	1073822720
 241 00d4 00380140 		.word	1073821696
 242              		.cfi_endproc
 243              	.LFE235:
 245              		.section	.text.HAL_EXTI_GetConfigLine,"ax",%progbits
 246              		.align	1
 247              		.global	HAL_EXTI_GetConfigLine
 248              		.syntax unified
 249              		.thumb
 250              		.thumb_func
 251              		.fpu fpv4-sp-d16
 253              	HAL_EXTI_GetConfigLine:
 254              	.LVL18:
 255              	.LFB236:
 230:Drivers/STM32F4xx_HAL_Driver/Src/stm32f4xx_hal_exti.c **** 
 231:Drivers/STM32F4xx_HAL_Driver/Src/stm32f4xx_hal_exti.c **** /**
 232:Drivers/STM32F4xx_HAL_Driver/Src/stm32f4xx_hal_exti.c ****   * @brief  Get configuration of a dedicated Exti line.
ARM GAS  /tmp/ccaiQdui.s 			page 10


 233:Drivers/STM32F4xx_HAL_Driver/Src/stm32f4xx_hal_exti.c ****   * @param  hexti Exti handle.
 234:Drivers/STM32F4xx_HAL_Driver/Src/stm32f4xx_hal_exti.c ****   * @param  pExtiConfig Pointer on structure to store Exti configuration.
 235:Drivers/STM32F4xx_HAL_Driver/Src/stm32f4xx_hal_exti.c ****   * @retval HAL Status.
 236:Drivers/STM32F4xx_HAL_Driver/Src/stm32f4xx_hal_exti.c ****   */
 237:Drivers/STM32F4xx_HAL_Driver/Src/stm32f4xx_hal_exti.c **** HAL_StatusTypeDef HAL_EXTI_GetConfigLine(EXTI_HandleTypeDef *hexti, EXTI_ConfigTypeDef *pExtiConfig
 238:Drivers/STM32F4xx_HAL_Driver/Src/stm32f4xx_hal_exti.c **** {
 256              		.loc 1 238 1 is_stmt 1 view -0
 257              		.cfi_startproc
 258              		@ args = 0, pretend = 0, frame = 0
 259              		@ frame_needed = 0, uses_anonymous_args = 0
 260              		@ link register save eliminated.
 239:Drivers/STM32F4xx_HAL_Driver/Src/stm32f4xx_hal_exti.c ****   uint32_t regval;
 261              		.loc 1 239 3 view .LVU75
 240:Drivers/STM32F4xx_HAL_Driver/Src/stm32f4xx_hal_exti.c ****   uint32_t linepos;
 262              		.loc 1 240 3 view .LVU76
 241:Drivers/STM32F4xx_HAL_Driver/Src/stm32f4xx_hal_exti.c ****   uint32_t maskline;
 263              		.loc 1 241 3 view .LVU77
 242:Drivers/STM32F4xx_HAL_Driver/Src/stm32f4xx_hal_exti.c **** 
 243:Drivers/STM32F4xx_HAL_Driver/Src/stm32f4xx_hal_exti.c ****   /* Check null pointer */
 244:Drivers/STM32F4xx_HAL_Driver/Src/stm32f4xx_hal_exti.c ****   if ((hexti == NULL) || (pExtiConfig == NULL))
 264              		.loc 1 244 3 view .LVU78
 265              		.loc 1 244 6 is_stmt 0 view .LVU79
 266 0000 0028     		cmp	r0, #0
 267 0002 46D0     		beq	.L27
 268              		.loc 1 244 23 discriminator 1 view .LVU80
 269 0004 0029     		cmp	r1, #0
 270 0006 46D0     		beq	.L28
 245:Drivers/STM32F4xx_HAL_Driver/Src/stm32f4xx_hal_exti.c ****   {
 246:Drivers/STM32F4xx_HAL_Driver/Src/stm32f4xx_hal_exti.c ****     return HAL_ERROR;
 247:Drivers/STM32F4xx_HAL_Driver/Src/stm32f4xx_hal_exti.c ****   }
 248:Drivers/STM32F4xx_HAL_Driver/Src/stm32f4xx_hal_exti.c **** 
 249:Drivers/STM32F4xx_HAL_Driver/Src/stm32f4xx_hal_exti.c ****   /* Check the parameter */
 250:Drivers/STM32F4xx_HAL_Driver/Src/stm32f4xx_hal_exti.c ****   assert_param(IS_EXTI_LINE(hexti->Line));
 271              		.loc 1 250 3 is_stmt 1 view .LVU81
 251:Drivers/STM32F4xx_HAL_Driver/Src/stm32f4xx_hal_exti.c **** 
 252:Drivers/STM32F4xx_HAL_Driver/Src/stm32f4xx_hal_exti.c ****   /* Store handle line number to configuration structure */
 253:Drivers/STM32F4xx_HAL_Driver/Src/stm32f4xx_hal_exti.c ****   pExtiConfig->Line = hexti->Line;
 272              		.loc 1 253 3 view .LVU82
 273              		.loc 1 253 28 is_stmt 0 view .LVU83
 274 0008 0068     		ldr	r0, [r0]
 275              	.LVL19:
 276              		.loc 1 253 21 view .LVU84
 277 000a 0860     		str	r0, [r1]
 254:Drivers/STM32F4xx_HAL_Driver/Src/stm32f4xx_hal_exti.c **** 
 255:Drivers/STM32F4xx_HAL_Driver/Src/stm32f4xx_hal_exti.c ****   /* Compute line mask */
 256:Drivers/STM32F4xx_HAL_Driver/Src/stm32f4xx_hal_exti.c ****   linepos = (pExtiConfig->Line & EXTI_PIN_MASK);
 278              		.loc 1 256 3 is_stmt 1 view .LVU85
 279              		.loc 1 256 11 is_stmt 0 view .LVU86
 280 000c 00F01F0C 		and	ip, r0, #31
 281              	.LVL20:
 257:Drivers/STM32F4xx_HAL_Driver/Src/stm32f4xx_hal_exti.c ****   maskline = (1uL << linepos);
 282              		.loc 1 257 3 is_stmt 1 view .LVU87
 283              		.loc 1 257 12 is_stmt 0 view .LVU88
 284 0010 0123     		movs	r3, #1
 285 0012 03FA0CF3 		lsl	r3, r3, ip
 286              	.LVL21:
 258:Drivers/STM32F4xx_HAL_Driver/Src/stm32f4xx_hal_exti.c **** 
ARM GAS  /tmp/ccaiQdui.s 			page 11


 259:Drivers/STM32F4xx_HAL_Driver/Src/stm32f4xx_hal_exti.c ****   /* 1] Get core mode : interrupt */
 260:Drivers/STM32F4xx_HAL_Driver/Src/stm32f4xx_hal_exti.c **** 
 261:Drivers/STM32F4xx_HAL_Driver/Src/stm32f4xx_hal_exti.c ****   /* Check if selected line is enable */
 262:Drivers/STM32F4xx_HAL_Driver/Src/stm32f4xx_hal_exti.c ****   if ((EXTI->IMR & maskline) != 0x00u)
 287              		.loc 1 262 3 is_stmt 1 view .LVU89
 288              		.loc 1 262 12 is_stmt 0 view .LVU90
 289 0016 224A     		ldr	r2, .L32
 290 0018 1268     		ldr	r2, [r2]
 291              		.loc 1 262 6 view .LVU91
 292 001a 1A42     		tst	r2, r3
 293 001c 24D0     		beq	.L22
 263:Drivers/STM32F4xx_HAL_Driver/Src/stm32f4xx_hal_exti.c ****   {
 264:Drivers/STM32F4xx_HAL_Driver/Src/stm32f4xx_hal_exti.c ****     pExtiConfig->Mode = EXTI_MODE_INTERRUPT;
 294              		.loc 1 264 5 is_stmt 1 view .LVU92
 295              		.loc 1 264 23 is_stmt 0 view .LVU93
 296 001e 0122     		movs	r2, #1
 297 0020 4A60     		str	r2, [r1, #4]
 298              	.L23:
 265:Drivers/STM32F4xx_HAL_Driver/Src/stm32f4xx_hal_exti.c ****   }
 266:Drivers/STM32F4xx_HAL_Driver/Src/stm32f4xx_hal_exti.c ****   else
 267:Drivers/STM32F4xx_HAL_Driver/Src/stm32f4xx_hal_exti.c ****   {
 268:Drivers/STM32F4xx_HAL_Driver/Src/stm32f4xx_hal_exti.c ****     pExtiConfig->Mode = EXTI_MODE_NONE;
 269:Drivers/STM32F4xx_HAL_Driver/Src/stm32f4xx_hal_exti.c ****   }
 270:Drivers/STM32F4xx_HAL_Driver/Src/stm32f4xx_hal_exti.c **** 
 271:Drivers/STM32F4xx_HAL_Driver/Src/stm32f4xx_hal_exti.c ****   /* Get event mode */
 272:Drivers/STM32F4xx_HAL_Driver/Src/stm32f4xx_hal_exti.c ****   /* Check if selected line is enable */
 273:Drivers/STM32F4xx_HAL_Driver/Src/stm32f4xx_hal_exti.c ****   if ((EXTI->EMR & maskline) != 0x00u)
 299              		.loc 1 273 3 is_stmt 1 view .LVU94
 300              		.loc 1 273 12 is_stmt 0 view .LVU95
 301 0022 1F4A     		ldr	r2, .L32
 302 0024 5268     		ldr	r2, [r2, #4]
 303              		.loc 1 273 6 view .LVU96
 304 0026 1A42     		tst	r2, r3
 305 0028 03D0     		beq	.L24
 274:Drivers/STM32F4xx_HAL_Driver/Src/stm32f4xx_hal_exti.c ****   {
 275:Drivers/STM32F4xx_HAL_Driver/Src/stm32f4xx_hal_exti.c ****     pExtiConfig->Mode |= EXTI_MODE_EVENT;
 306              		.loc 1 275 5 is_stmt 1 view .LVU97
 307              		.loc 1 275 23 is_stmt 0 view .LVU98
 308 002a 4A68     		ldr	r2, [r1, #4]
 309 002c 42F00202 		orr	r2, r2, #2
 310 0030 4A60     		str	r2, [r1, #4]
 311              	.L24:
 276:Drivers/STM32F4xx_HAL_Driver/Src/stm32f4xx_hal_exti.c ****   }
 277:Drivers/STM32F4xx_HAL_Driver/Src/stm32f4xx_hal_exti.c **** 
 278:Drivers/STM32F4xx_HAL_Driver/Src/stm32f4xx_hal_exti.c ****   /* Get default Trigger and GPIOSel configuration */
 279:Drivers/STM32F4xx_HAL_Driver/Src/stm32f4xx_hal_exti.c ****   pExtiConfig->Trigger = EXTI_TRIGGER_NONE;
 312              		.loc 1 279 3 is_stmt 1 view .LVU99
 313              		.loc 1 279 24 is_stmt 0 view .LVU100
 314 0032 0022     		movs	r2, #0
 315 0034 8A60     		str	r2, [r1, #8]
 280:Drivers/STM32F4xx_HAL_Driver/Src/stm32f4xx_hal_exti.c ****   pExtiConfig->GPIOSel = 0x00u;
 316              		.loc 1 280 3 is_stmt 1 view .LVU101
 317              		.loc 1 280 24 is_stmt 0 view .LVU102
 318 0036 CA60     		str	r2, [r1, #12]
 281:Drivers/STM32F4xx_HAL_Driver/Src/stm32f4xx_hal_exti.c **** 
 282:Drivers/STM32F4xx_HAL_Driver/Src/stm32f4xx_hal_exti.c ****   /* 2] Get trigger for configurable lines : rising */
 283:Drivers/STM32F4xx_HAL_Driver/Src/stm32f4xx_hal_exti.c ****   if ((pExtiConfig->Line & EXTI_CONFIG) != 0x00u)
ARM GAS  /tmp/ccaiQdui.s 			page 12


 319              		.loc 1 283 3 is_stmt 1 view .LVU103
 320              		.loc 1 283 6 is_stmt 0 view .LVU104
 321 0038 10F0007F 		tst	r0, #33554432
 322 003c 2DD0     		beq	.L29
 284:Drivers/STM32F4xx_HAL_Driver/Src/stm32f4xx_hal_exti.c ****   {
 285:Drivers/STM32F4xx_HAL_Driver/Src/stm32f4xx_hal_exti.c ****     /* Check if configuration of selected line is enable */
 286:Drivers/STM32F4xx_HAL_Driver/Src/stm32f4xx_hal_exti.c ****     if ((EXTI->RTSR & maskline) != 0x00u)
 323              		.loc 1 286 5 is_stmt 1 view .LVU105
 324              		.loc 1 286 14 is_stmt 0 view .LVU106
 325 003e 184A     		ldr	r2, .L32
 326 0040 9268     		ldr	r2, [r2, #8]
 327              		.loc 1 286 8 view .LVU107
 328 0042 1A42     		tst	r2, r3
 329 0044 01D0     		beq	.L25
 287:Drivers/STM32F4xx_HAL_Driver/Src/stm32f4xx_hal_exti.c ****     {
 288:Drivers/STM32F4xx_HAL_Driver/Src/stm32f4xx_hal_exti.c ****       pExtiConfig->Trigger = EXTI_TRIGGER_RISING;
 330              		.loc 1 288 7 is_stmt 1 view .LVU108
 331              		.loc 1 288 28 is_stmt 0 view .LVU109
 332 0046 0122     		movs	r2, #1
 333 0048 8A60     		str	r2, [r1, #8]
 334              	.L25:
 289:Drivers/STM32F4xx_HAL_Driver/Src/stm32f4xx_hal_exti.c ****     }
 290:Drivers/STM32F4xx_HAL_Driver/Src/stm32f4xx_hal_exti.c **** 
 291:Drivers/STM32F4xx_HAL_Driver/Src/stm32f4xx_hal_exti.c ****     /* Get falling configuration */
 292:Drivers/STM32F4xx_HAL_Driver/Src/stm32f4xx_hal_exti.c ****     /* Check if configuration of selected line is enable */
 293:Drivers/STM32F4xx_HAL_Driver/Src/stm32f4xx_hal_exti.c ****     if ((EXTI->FTSR & maskline) != 0x00u)
 335              		.loc 1 293 5 is_stmt 1 view .LVU110
 336              		.loc 1 293 14 is_stmt 0 view .LVU111
 337 004a 154A     		ldr	r2, .L32
 338 004c D268     		ldr	r2, [r2, #12]
 339              		.loc 1 293 8 view .LVU112
 340 004e 1A42     		tst	r2, r3
 341 0050 03D0     		beq	.L26
 294:Drivers/STM32F4xx_HAL_Driver/Src/stm32f4xx_hal_exti.c ****     {
 295:Drivers/STM32F4xx_HAL_Driver/Src/stm32f4xx_hal_exti.c ****       pExtiConfig->Trigger |= EXTI_TRIGGER_FALLING;
 342              		.loc 1 295 7 is_stmt 1 view .LVU113
 343              		.loc 1 295 28 is_stmt 0 view .LVU114
 344 0052 8B68     		ldr	r3, [r1, #8]
 345              	.LVL22:
 346              		.loc 1 295 28 view .LVU115
 347 0054 43F00203 		orr	r3, r3, #2
 348 0058 8B60     		str	r3, [r1, #8]
 349              	.L26:
 296:Drivers/STM32F4xx_HAL_Driver/Src/stm32f4xx_hal_exti.c ****     }
 297:Drivers/STM32F4xx_HAL_Driver/Src/stm32f4xx_hal_exti.c **** 
 298:Drivers/STM32F4xx_HAL_Driver/Src/stm32f4xx_hal_exti.c ****     /* Get Gpio port selection for gpio lines */
 299:Drivers/STM32F4xx_HAL_Driver/Src/stm32f4xx_hal_exti.c ****     if ((pExtiConfig->Line & EXTI_GPIO) == EXTI_GPIO)
 350              		.loc 1 299 5 is_stmt 1 view .LVU116
 351              		.loc 1 299 28 is_stmt 0 view .LVU117
 352 005a 00F0C063 		and	r3, r0, #100663296
 353              		.loc 1 299 8 view .LVU118
 354 005e B3F1C06F 		cmp	r3, #100663296
 355 0062 04D0     		beq	.L31
 300:Drivers/STM32F4xx_HAL_Driver/Src/stm32f4xx_hal_exti.c ****     {
 301:Drivers/STM32F4xx_HAL_Driver/Src/stm32f4xx_hal_exti.c ****       assert_param(IS_EXTI_GPIO_PIN(linepos));
 302:Drivers/STM32F4xx_HAL_Driver/Src/stm32f4xx_hal_exti.c **** 
 303:Drivers/STM32F4xx_HAL_Driver/Src/stm32f4xx_hal_exti.c ****       regval = (SYSCFG->EXTICR[linepos >> 2u] << 16u );
ARM GAS  /tmp/ccaiQdui.s 			page 13


 304:Drivers/STM32F4xx_HAL_Driver/Src/stm32f4xx_hal_exti.c ****       pExtiConfig->GPIOSel = ((regval << (SYSCFG_EXTICR1_EXTI1_Pos * (3uL - (linepos & 0x03u)))) >>
 305:Drivers/STM32F4xx_HAL_Driver/Src/stm32f4xx_hal_exti.c ****     }
 306:Drivers/STM32F4xx_HAL_Driver/Src/stm32f4xx_hal_exti.c ****   }
 307:Drivers/STM32F4xx_HAL_Driver/Src/stm32f4xx_hal_exti.c **** 
 308:Drivers/STM32F4xx_HAL_Driver/Src/stm32f4xx_hal_exti.c ****   return HAL_OK;
 356              		.loc 1 308 10 view .LVU119
 357 0064 0020     		movs	r0, #0
 309:Drivers/STM32F4xx_HAL_Driver/Src/stm32f4xx_hal_exti.c **** }
 358              		.loc 1 309 1 view .LVU120
 359 0066 7047     		bx	lr
 360              	.LVL23:
 361              	.L22:
 268:Drivers/STM32F4xx_HAL_Driver/Src/stm32f4xx_hal_exti.c ****   }
 362              		.loc 1 268 5 is_stmt 1 view .LVU121
 268:Drivers/STM32F4xx_HAL_Driver/Src/stm32f4xx_hal_exti.c ****   }
 363              		.loc 1 268 23 is_stmt 0 view .LVU122
 364 0068 0022     		movs	r2, #0
 365 006a 4A60     		str	r2, [r1, #4]
 366 006c D9E7     		b	.L23
 367              	.LVL24:
 368              	.L31:
 301:Drivers/STM32F4xx_HAL_Driver/Src/stm32f4xx_hal_exti.c **** 
 369              		.loc 1 301 7 is_stmt 1 view .LVU123
 303:Drivers/STM32F4xx_HAL_Driver/Src/stm32f4xx_hal_exti.c ****       pExtiConfig->GPIOSel = ((regval << (SYSCFG_EXTICR1_EXTI1_Pos * (3uL - (linepos & 0x03u)))) >>
 370              		.loc 1 303 7 view .LVU124
 303:Drivers/STM32F4xx_HAL_Driver/Src/stm32f4xx_hal_exti.c ****       pExtiConfig->GPIOSel = ((regval << (SYSCFG_EXTICR1_EXTI1_Pos * (3uL - (linepos & 0x03u)))) >>
 371              		.loc 1 303 40 is_stmt 0 view .LVU125
 372 006e 4FEA9C03 		lsr	r3, ip, #2
 303:Drivers/STM32F4xx_HAL_Driver/Src/stm32f4xx_hal_exti.c ****       pExtiConfig->GPIOSel = ((regval << (SYSCFG_EXTICR1_EXTI1_Pos * (3uL - (linepos & 0x03u)))) >>
 373              		.loc 1 303 31 view .LVU126
 374 0072 0233     		adds	r3, r3, #2
 375 0074 0B4A     		ldr	r2, .L32+4
 376 0076 52F82320 		ldr	r2, [r2, r3, lsl #2]
 303:Drivers/STM32F4xx_HAL_Driver/Src/stm32f4xx_hal_exti.c ****       pExtiConfig->GPIOSel = ((regval << (SYSCFG_EXTICR1_EXTI1_Pos * (3uL - (linepos & 0x03u)))) >>
 377              		.loc 1 303 14 view .LVU127
 378 007a 1204     		lsls	r2, r2, #16
 379              	.LVL25:
 304:Drivers/STM32F4xx_HAL_Driver/Src/stm32f4xx_hal_exti.c ****     }
 380              		.loc 1 304 7 is_stmt 1 view .LVU128
 304:Drivers/STM32F4xx_HAL_Driver/Src/stm32f4xx_hal_exti.c ****     }
 381              		.loc 1 304 75 is_stmt 0 view .LVU129
 382 007c 6FEA0C03 		mvn	r3, ip
 383 0080 03F00303 		and	r3, r3, #3
 304:Drivers/STM32F4xx_HAL_Driver/Src/stm32f4xx_hal_exti.c ****     }
 384              		.loc 1 304 68 view .LVU130
 385 0084 9B00     		lsls	r3, r3, #2
 304:Drivers/STM32F4xx_HAL_Driver/Src/stm32f4xx_hal_exti.c ****     }
 386              		.loc 1 304 39 view .LVU131
 387 0086 02FA03F3 		lsl	r3, r2, r3
 304:Drivers/STM32F4xx_HAL_Driver/Src/stm32f4xx_hal_exti.c ****     }
 388              		.loc 1 304 98 view .LVU132
 389 008a 1B0F     		lsrs	r3, r3, #28
 304:Drivers/STM32F4xx_HAL_Driver/Src/stm32f4xx_hal_exti.c ****     }
 390              		.loc 1 304 28 view .LVU133
 391 008c CB60     		str	r3, [r1, #12]
 308:Drivers/STM32F4xx_HAL_Driver/Src/stm32f4xx_hal_exti.c **** }
 392              		.loc 1 308 10 view .LVU134
ARM GAS  /tmp/ccaiQdui.s 			page 14


 393 008e 0020     		movs	r0, #0
 394 0090 7047     		bx	lr
 395              	.LVL26:
 396              	.L27:
 246:Drivers/STM32F4xx_HAL_Driver/Src/stm32f4xx_hal_exti.c ****   }
 397              		.loc 1 246 12 view .LVU135
 398 0092 0120     		movs	r0, #1
 399              	.LVL27:
 246:Drivers/STM32F4xx_HAL_Driver/Src/stm32f4xx_hal_exti.c ****   }
 400              		.loc 1 246 12 view .LVU136
 401 0094 7047     		bx	lr
 402              	.LVL28:
 403              	.L28:
 246:Drivers/STM32F4xx_HAL_Driver/Src/stm32f4xx_hal_exti.c ****   }
 404              		.loc 1 246 12 view .LVU137
 405 0096 0120     		movs	r0, #1
 406              	.LVL29:
 246:Drivers/STM32F4xx_HAL_Driver/Src/stm32f4xx_hal_exti.c ****   }
 407              		.loc 1 246 12 view .LVU138
 408 0098 7047     		bx	lr
 409              	.LVL30:
 410              	.L29:
 308:Drivers/STM32F4xx_HAL_Driver/Src/stm32f4xx_hal_exti.c **** }
 411              		.loc 1 308 10 view .LVU139
 412 009a 0020     		movs	r0, #0
 413 009c 7047     		bx	lr
 414              	.L33:
 415 009e 00BF     		.align	2
 416              	.L32:
 417 00a0 003C0140 		.word	1073822720
 418 00a4 00380140 		.word	1073821696
 419              		.cfi_endproc
 420              	.LFE236:
 422              		.section	.text.HAL_EXTI_ClearConfigLine,"ax",%progbits
 423              		.align	1
 424              		.global	HAL_EXTI_ClearConfigLine
 425              		.syntax unified
 426              		.thumb
 427              		.thumb_func
 428              		.fpu fpv4-sp-d16
 430              	HAL_EXTI_ClearConfigLine:
 431              	.LVL31:
 432              	.LFB237:
 310:Drivers/STM32F4xx_HAL_Driver/Src/stm32f4xx_hal_exti.c **** 
 311:Drivers/STM32F4xx_HAL_Driver/Src/stm32f4xx_hal_exti.c **** /**
 312:Drivers/STM32F4xx_HAL_Driver/Src/stm32f4xx_hal_exti.c ****   * @brief  Clear whole configuration of a dedicated Exti line.
 313:Drivers/STM32F4xx_HAL_Driver/Src/stm32f4xx_hal_exti.c ****   * @param  hexti Exti handle.
 314:Drivers/STM32F4xx_HAL_Driver/Src/stm32f4xx_hal_exti.c ****   * @retval HAL Status.
 315:Drivers/STM32F4xx_HAL_Driver/Src/stm32f4xx_hal_exti.c ****   */
 316:Drivers/STM32F4xx_HAL_Driver/Src/stm32f4xx_hal_exti.c **** HAL_StatusTypeDef HAL_EXTI_ClearConfigLine(EXTI_HandleTypeDef *hexti)
 317:Drivers/STM32F4xx_HAL_Driver/Src/stm32f4xx_hal_exti.c **** {
 433              		.loc 1 317 1 is_stmt 1 view -0
 434              		.cfi_startproc
 435              		@ args = 0, pretend = 0, frame = 0
 436              		@ frame_needed = 0, uses_anonymous_args = 0
 318:Drivers/STM32F4xx_HAL_Driver/Src/stm32f4xx_hal_exti.c ****   uint32_t regval;
 437              		.loc 1 318 3 view .LVU141
ARM GAS  /tmp/ccaiQdui.s 			page 15


 319:Drivers/STM32F4xx_HAL_Driver/Src/stm32f4xx_hal_exti.c ****   uint32_t linepos;
 438              		.loc 1 319 3 view .LVU142
 320:Drivers/STM32F4xx_HAL_Driver/Src/stm32f4xx_hal_exti.c ****   uint32_t maskline;
 439              		.loc 1 320 3 view .LVU143
 321:Drivers/STM32F4xx_HAL_Driver/Src/stm32f4xx_hal_exti.c **** 
 322:Drivers/STM32F4xx_HAL_Driver/Src/stm32f4xx_hal_exti.c ****   /* Check null pointer */
 323:Drivers/STM32F4xx_HAL_Driver/Src/stm32f4xx_hal_exti.c ****   if (hexti == NULL)
 440              		.loc 1 323 3 view .LVU144
 441              		.loc 1 323 6 is_stmt 0 view .LVU145
 442 0000 0028     		cmp	r0, #0
 443 0002 38D0     		beq	.L36
 317:Drivers/STM32F4xx_HAL_Driver/Src/stm32f4xx_hal_exti.c ****   uint32_t regval;
 444              		.loc 1 317 1 view .LVU146
 445 0004 10B5     		push	{r4, lr}
 446              		.cfi_def_cfa_offset 8
 447              		.cfi_offset 4, -8
 448              		.cfi_offset 14, -4
 449 0006 8446     		mov	ip, r0
 324:Drivers/STM32F4xx_HAL_Driver/Src/stm32f4xx_hal_exti.c ****   {
 325:Drivers/STM32F4xx_HAL_Driver/Src/stm32f4xx_hal_exti.c ****     return HAL_ERROR;
 326:Drivers/STM32F4xx_HAL_Driver/Src/stm32f4xx_hal_exti.c ****   }
 327:Drivers/STM32F4xx_HAL_Driver/Src/stm32f4xx_hal_exti.c **** 
 328:Drivers/STM32F4xx_HAL_Driver/Src/stm32f4xx_hal_exti.c ****   /* Check the parameter */
 329:Drivers/STM32F4xx_HAL_Driver/Src/stm32f4xx_hal_exti.c ****   assert_param(IS_EXTI_LINE(hexti->Line));
 450              		.loc 1 329 3 is_stmt 1 view .LVU147
 330:Drivers/STM32F4xx_HAL_Driver/Src/stm32f4xx_hal_exti.c **** 
 331:Drivers/STM32F4xx_HAL_Driver/Src/stm32f4xx_hal_exti.c ****   /* compute line mask */
 332:Drivers/STM32F4xx_HAL_Driver/Src/stm32f4xx_hal_exti.c ****   linepos = (hexti->Line & EXTI_PIN_MASK);
 451              		.loc 1 332 3 view .LVU148
 452              		.loc 1 332 19 is_stmt 0 view .LVU149
 453 0008 0468     		ldr	r4, [r0]
 454              		.loc 1 332 11 view .LVU150
 455 000a 04F01F00 		and	r0, r4, #31
 456              	.LVL32:
 333:Drivers/STM32F4xx_HAL_Driver/Src/stm32f4xx_hal_exti.c ****   maskline = (1uL << linepos);
 457              		.loc 1 333 3 is_stmt 1 view .LVU151
 458              		.loc 1 333 12 is_stmt 0 view .LVU152
 459 000e 0123     		movs	r3, #1
 460 0010 8340     		lsls	r3, r3, r0
 461              	.LVL33:
 334:Drivers/STM32F4xx_HAL_Driver/Src/stm32f4xx_hal_exti.c **** 
 335:Drivers/STM32F4xx_HAL_Driver/Src/stm32f4xx_hal_exti.c ****   /* 1] Clear interrupt mode */
 336:Drivers/STM32F4xx_HAL_Driver/Src/stm32f4xx_hal_exti.c ****   EXTI->IMR = (EXTI->IMR & ~maskline);
 462              		.loc 1 336 3 is_stmt 1 view .LVU153
 463              		.loc 1 336 20 is_stmt 0 view .LVU154
 464 0012 1B4A     		ldr	r2, .L44
 465 0014 1168     		ldr	r1, [r2]
 466              		.loc 1 336 28 view .LVU155
 467 0016 6FEA030E 		mvn	lr, r3
 468              		.loc 1 336 26 view .LVU156
 469 001a 21EA0301 		bic	r1, r1, r3
 470              		.loc 1 336 13 view .LVU157
 471 001e 1160     		str	r1, [r2]
 337:Drivers/STM32F4xx_HAL_Driver/Src/stm32f4xx_hal_exti.c **** 
 338:Drivers/STM32F4xx_HAL_Driver/Src/stm32f4xx_hal_exti.c ****   /* 2] Clear event mode */
 339:Drivers/STM32F4xx_HAL_Driver/Src/stm32f4xx_hal_exti.c ****   EXTI->EMR = (EXTI->EMR & ~maskline);
 472              		.loc 1 339 3 is_stmt 1 view .LVU158
ARM GAS  /tmp/ccaiQdui.s 			page 16


 473              		.loc 1 339 20 is_stmt 0 view .LVU159
 474 0020 5168     		ldr	r1, [r2, #4]
 475              		.loc 1 339 26 view .LVU160
 476 0022 21EA0303 		bic	r3, r1, r3
 477              	.LVL34:
 478              		.loc 1 339 13 view .LVU161
 479 0026 5360     		str	r3, [r2, #4]
 340:Drivers/STM32F4xx_HAL_Driver/Src/stm32f4xx_hal_exti.c **** 
 341:Drivers/STM32F4xx_HAL_Driver/Src/stm32f4xx_hal_exti.c ****   /* 3] Clear triggers in case of configurable lines */
 342:Drivers/STM32F4xx_HAL_Driver/Src/stm32f4xx_hal_exti.c ****   if ((hexti->Line & EXTI_CONFIG) != 0x00u)
 480              		.loc 1 342 3 is_stmt 1 view .LVU162
 481              		.loc 1 342 13 is_stmt 0 view .LVU163
 482 0028 DCF80030 		ldr	r3, [ip]
 483              		.loc 1 342 6 view .LVU164
 484 002c 13F0007F 		tst	r3, #33554432
 485 0030 23D0     		beq	.L37
 343:Drivers/STM32F4xx_HAL_Driver/Src/stm32f4xx_hal_exti.c ****   {
 344:Drivers/STM32F4xx_HAL_Driver/Src/stm32f4xx_hal_exti.c ****     EXTI->RTSR = (EXTI->RTSR & ~maskline);
 486              		.loc 1 344 5 is_stmt 1 view .LVU165
 487              		.loc 1 344 23 is_stmt 0 view .LVU166
 488 0032 9368     		ldr	r3, [r2, #8]
 489              		.loc 1 344 30 view .LVU167
 490 0034 0EEA0303 		and	r3, lr, r3
 491              		.loc 1 344 16 view .LVU168
 492 0038 9360     		str	r3, [r2, #8]
 345:Drivers/STM32F4xx_HAL_Driver/Src/stm32f4xx_hal_exti.c ****     EXTI->FTSR = (EXTI->FTSR & ~maskline);
 493              		.loc 1 345 5 is_stmt 1 view .LVU169
 494              		.loc 1 345 23 is_stmt 0 view .LVU170
 495 003a D368     		ldr	r3, [r2, #12]
 496              		.loc 1 345 30 view .LVU171
 497 003c 0EEA0303 		and	r3, lr, r3
 498              		.loc 1 345 16 view .LVU172
 499 0040 D360     		str	r3, [r2, #12]
 346:Drivers/STM32F4xx_HAL_Driver/Src/stm32f4xx_hal_exti.c **** 
 347:Drivers/STM32F4xx_HAL_Driver/Src/stm32f4xx_hal_exti.c ****     /* Get Gpio port selection for gpio lines */
 348:Drivers/STM32F4xx_HAL_Driver/Src/stm32f4xx_hal_exti.c ****     if ((hexti->Line & EXTI_GPIO) == EXTI_GPIO)
 500              		.loc 1 348 5 is_stmt 1 view .LVU173
 501              		.loc 1 348 15 is_stmt 0 view .LVU174
 502 0042 DCF80030 		ldr	r3, [ip]
 503              		.loc 1 348 22 view .LVU175
 504 0046 03F0C063 		and	r3, r3, #100663296
 505              		.loc 1 348 8 view .LVU176
 506 004a B3F1C06F 		cmp	r3, #100663296
 507 004e 01D0     		beq	.L43
 349:Drivers/STM32F4xx_HAL_Driver/Src/stm32f4xx_hal_exti.c ****     {
 350:Drivers/STM32F4xx_HAL_Driver/Src/stm32f4xx_hal_exti.c ****       assert_param(IS_EXTI_GPIO_PIN(linepos));
 351:Drivers/STM32F4xx_HAL_Driver/Src/stm32f4xx_hal_exti.c **** 
 352:Drivers/STM32F4xx_HAL_Driver/Src/stm32f4xx_hal_exti.c ****       regval = SYSCFG->EXTICR[linepos >> 2u];
 353:Drivers/STM32F4xx_HAL_Driver/Src/stm32f4xx_hal_exti.c ****       regval &= ~(SYSCFG_EXTICR1_EXTI0 << (SYSCFG_EXTICR1_EXTI1_Pos * (linepos & 0x03u)));
 354:Drivers/STM32F4xx_HAL_Driver/Src/stm32f4xx_hal_exti.c ****       SYSCFG->EXTICR[linepos >> 2u] = regval;
 355:Drivers/STM32F4xx_HAL_Driver/Src/stm32f4xx_hal_exti.c ****     }
 356:Drivers/STM32F4xx_HAL_Driver/Src/stm32f4xx_hal_exti.c ****   }
 357:Drivers/STM32F4xx_HAL_Driver/Src/stm32f4xx_hal_exti.c **** 
 358:Drivers/STM32F4xx_HAL_Driver/Src/stm32f4xx_hal_exti.c ****   return HAL_OK;
 508              		.loc 1 358 10 view .LVU177
 509 0050 0020     		movs	r0, #0
 510              	.LVL35:
ARM GAS  /tmp/ccaiQdui.s 			page 17


 511              		.loc 1 358 10 view .LVU178
 512 0052 13E0     		b	.L35
 513              	.LVL36:
 514              	.L43:
 350:Drivers/STM32F4xx_HAL_Driver/Src/stm32f4xx_hal_exti.c **** 
 515              		.loc 1 350 7 is_stmt 1 view .LVU179
 352:Drivers/STM32F4xx_HAL_Driver/Src/stm32f4xx_hal_exti.c ****       regval &= ~(SYSCFG_EXTICR1_EXTI0 << (SYSCFG_EXTICR1_EXTI1_Pos * (linepos & 0x03u)));
 516              		.loc 1 352 7 view .LVU180
 352:Drivers/STM32F4xx_HAL_Driver/Src/stm32f4xx_hal_exti.c ****       regval &= ~(SYSCFG_EXTICR1_EXTI0 << (SYSCFG_EXTICR1_EXTI1_Pos * (linepos & 0x03u)));
 517              		.loc 1 352 39 is_stmt 0 view .LVU181
 518 0054 8008     		lsrs	r0, r0, #2
 519              	.LVL37:
 352:Drivers/STM32F4xx_HAL_Driver/Src/stm32f4xx_hal_exti.c ****       regval &= ~(SYSCFG_EXTICR1_EXTI0 << (SYSCFG_EXTICR1_EXTI1_Pos * (linepos & 0x03u)));
 520              		.loc 1 352 14 view .LVU182
 521 0056 0B49     		ldr	r1, .L44+4
 522 0058 0230     		adds	r0, r0, #2
 523 005a 51F82030 		ldr	r3, [r1, r0, lsl #2]
 524              	.LVL38:
 353:Drivers/STM32F4xx_HAL_Driver/Src/stm32f4xx_hal_exti.c ****       SYSCFG->EXTICR[linepos >> 2u] = regval;
 525              		.loc 1 353 7 is_stmt 1 view .LVU183
 353:Drivers/STM32F4xx_HAL_Driver/Src/stm32f4xx_hal_exti.c ****       SYSCFG->EXTICR[linepos >> 2u] = regval;
 526              		.loc 1 353 80 is_stmt 0 view .LVU184
 527 005e 04F00304 		and	r4, r4, #3
 528              	.LVL39:
 353:Drivers/STM32F4xx_HAL_Driver/Src/stm32f4xx_hal_exti.c ****       SYSCFG->EXTICR[linepos >> 2u] = regval;
 529              		.loc 1 353 69 view .LVU185
 530 0062 A400     		lsls	r4, r4, #2
 353:Drivers/STM32F4xx_HAL_Driver/Src/stm32f4xx_hal_exti.c ****       SYSCFG->EXTICR[linepos >> 2u] = regval;
 531              		.loc 1 353 40 view .LVU186
 532 0064 0F22     		movs	r2, #15
 533 0066 02FA04F4 		lsl	r4, r2, r4
 353:Drivers/STM32F4xx_HAL_Driver/Src/stm32f4xx_hal_exti.c ****       SYSCFG->EXTICR[linepos >> 2u] = regval;
 534              		.loc 1 353 14 view .LVU187
 535 006a 23EA0404 		bic	r4, r3, r4
 536              	.LVL40:
 354:Drivers/STM32F4xx_HAL_Driver/Src/stm32f4xx_hal_exti.c ****     }
 537              		.loc 1 354 7 is_stmt 1 view .LVU188
 354:Drivers/STM32F4xx_HAL_Driver/Src/stm32f4xx_hal_exti.c ****     }
 538              		.loc 1 354 37 is_stmt 0 view .LVU189
 539 006e 41F82040 		str	r4, [r1, r0, lsl #2]
 540              		.loc 1 358 10 view .LVU190
 541 0072 0020     		movs	r0, #0
 542 0074 02E0     		b	.L35
 543              	.LVL41:
 544              	.L36:
 545              		.cfi_def_cfa_offset 0
 546              		.cfi_restore 4
 547              		.cfi_restore 14
 325:Drivers/STM32F4xx_HAL_Driver/Src/stm32f4xx_hal_exti.c ****   }
 548              		.loc 1 325 12 view .LVU191
 549 0076 0120     		movs	r0, #1
 550              	.LVL42:
 359:Drivers/STM32F4xx_HAL_Driver/Src/stm32f4xx_hal_exti.c **** }
 551              		.loc 1 359 1 view .LVU192
 552 0078 7047     		bx	lr
 553              	.LVL43:
 554              	.L37:
ARM GAS  /tmp/ccaiQdui.s 			page 18


 555              		.cfi_def_cfa_offset 8
 556              		.cfi_offset 4, -8
 557              		.cfi_offset 14, -4
 358:Drivers/STM32F4xx_HAL_Driver/Src/stm32f4xx_hal_exti.c **** }
 558              		.loc 1 358 10 view .LVU193
 559 007a 0020     		movs	r0, #0
 560              	.LVL44:
 561              	.L35:
 562              		.loc 1 359 1 view .LVU194
 563 007c 10BD     		pop	{r4, pc}
 564              	.L45:
 565 007e 00BF     		.align	2
 566              	.L44:
 567 0080 003C0140 		.word	1073822720
 568 0084 00380140 		.word	1073821696
 569              		.cfi_endproc
 570              	.LFE237:
 572              		.section	.text.HAL_EXTI_RegisterCallback,"ax",%progbits
 573              		.align	1
 574              		.global	HAL_EXTI_RegisterCallback
 575              		.syntax unified
 576              		.thumb
 577              		.thumb_func
 578              		.fpu fpv4-sp-d16
 580              	HAL_EXTI_RegisterCallback:
 581              	.LVL45:
 582              	.LFB238:
 360:Drivers/STM32F4xx_HAL_Driver/Src/stm32f4xx_hal_exti.c **** 
 361:Drivers/STM32F4xx_HAL_Driver/Src/stm32f4xx_hal_exti.c **** /**
 362:Drivers/STM32F4xx_HAL_Driver/Src/stm32f4xx_hal_exti.c ****   * @brief  Register callback for a dedicated Exti line.
 363:Drivers/STM32F4xx_HAL_Driver/Src/stm32f4xx_hal_exti.c ****   * @param  hexti Exti handle.
 364:Drivers/STM32F4xx_HAL_Driver/Src/stm32f4xx_hal_exti.c ****   * @param  CallbackID User callback identifier.
 365:Drivers/STM32F4xx_HAL_Driver/Src/stm32f4xx_hal_exti.c ****   *         This parameter can be one of @arg @ref EXTI_CallbackIDTypeDef values.
 366:Drivers/STM32F4xx_HAL_Driver/Src/stm32f4xx_hal_exti.c ****   * @param  pPendingCbfn function pointer to be stored as callback.
 367:Drivers/STM32F4xx_HAL_Driver/Src/stm32f4xx_hal_exti.c ****   * @retval HAL Status.
 368:Drivers/STM32F4xx_HAL_Driver/Src/stm32f4xx_hal_exti.c ****   */
 369:Drivers/STM32F4xx_HAL_Driver/Src/stm32f4xx_hal_exti.c **** HAL_StatusTypeDef HAL_EXTI_RegisterCallback(EXTI_HandleTypeDef *hexti, EXTI_CallbackIDTypeDef Callb
 370:Drivers/STM32F4xx_HAL_Driver/Src/stm32f4xx_hal_exti.c **** {
 583              		.loc 1 370 1 is_stmt 1 view -0
 584              		.cfi_startproc
 585              		@ args = 0, pretend = 0, frame = 0
 586              		@ frame_needed = 0, uses_anonymous_args = 0
 587              		@ link register save eliminated.
 588              		.loc 1 370 1 is_stmt 0 view .LVU196
 589 0000 0346     		mov	r3, r0
 371:Drivers/STM32F4xx_HAL_Driver/Src/stm32f4xx_hal_exti.c ****   HAL_StatusTypeDef status = HAL_OK;
 590              		.loc 1 371 3 is_stmt 1 view .LVU197
 591              	.LVL46:
 372:Drivers/STM32F4xx_HAL_Driver/Src/stm32f4xx_hal_exti.c **** 
 373:Drivers/STM32F4xx_HAL_Driver/Src/stm32f4xx_hal_exti.c ****   switch (CallbackID)
 592              		.loc 1 373 3 view .LVU198
 593 0002 0846     		mov	r0, r1
 594              	.LVL47:
 595              		.loc 1 373 3 is_stmt 0 view .LVU199
 596 0004 09B9     		cbnz	r1, .L48
 374:Drivers/STM32F4xx_HAL_Driver/Src/stm32f4xx_hal_exti.c ****   {
 375:Drivers/STM32F4xx_HAL_Driver/Src/stm32f4xx_hal_exti.c ****     case  HAL_EXTI_COMMON_CB_ID:
ARM GAS  /tmp/ccaiQdui.s 			page 19


 376:Drivers/STM32F4xx_HAL_Driver/Src/stm32f4xx_hal_exti.c ****       hexti->PendingCallback = pPendingCbfn;
 597              		.loc 1 376 7 is_stmt 1 view .LVU200
 598              		.loc 1 376 30 is_stmt 0 view .LVU201
 599 0006 5A60     		str	r2, [r3, #4]
 377:Drivers/STM32F4xx_HAL_Driver/Src/stm32f4xx_hal_exti.c ****       break;
 600              		.loc 1 377 7 is_stmt 1 view .LVU202
 601 0008 7047     		bx	lr
 602              	.L48:
 378:Drivers/STM32F4xx_HAL_Driver/Src/stm32f4xx_hal_exti.c **** 
 379:Drivers/STM32F4xx_HAL_Driver/Src/stm32f4xx_hal_exti.c ****     default:
 380:Drivers/STM32F4xx_HAL_Driver/Src/stm32f4xx_hal_exti.c ****       status = HAL_ERROR;
 603              		.loc 1 380 14 is_stmt 0 view .LVU203
 604 000a 0120     		movs	r0, #1
 605              	.LVL48:
 381:Drivers/STM32F4xx_HAL_Driver/Src/stm32f4xx_hal_exti.c ****       break;
 382:Drivers/STM32F4xx_HAL_Driver/Src/stm32f4xx_hal_exti.c ****   }
 383:Drivers/STM32F4xx_HAL_Driver/Src/stm32f4xx_hal_exti.c **** 
 384:Drivers/STM32F4xx_HAL_Driver/Src/stm32f4xx_hal_exti.c ****   return status;
 606              		.loc 1 384 3 is_stmt 1 view .LVU204
 385:Drivers/STM32F4xx_HAL_Driver/Src/stm32f4xx_hal_exti.c **** }
 607              		.loc 1 385 1 is_stmt 0 view .LVU205
 608 000c 7047     		bx	lr
 609              		.cfi_endproc
 610              	.LFE238:
 612              		.section	.text.HAL_EXTI_GetHandle,"ax",%progbits
 613              		.align	1
 614              		.global	HAL_EXTI_GetHandle
 615              		.syntax unified
 616              		.thumb
 617              		.thumb_func
 618              		.fpu fpv4-sp-d16
 620              	HAL_EXTI_GetHandle:
 621              	.LVL49:
 622              	.LFB239:
 386:Drivers/STM32F4xx_HAL_Driver/Src/stm32f4xx_hal_exti.c **** 
 387:Drivers/STM32F4xx_HAL_Driver/Src/stm32f4xx_hal_exti.c **** /**
 388:Drivers/STM32F4xx_HAL_Driver/Src/stm32f4xx_hal_exti.c ****   * @brief  Store line number as handle private field.
 389:Drivers/STM32F4xx_HAL_Driver/Src/stm32f4xx_hal_exti.c ****   * @param  hexti Exti handle.
 390:Drivers/STM32F4xx_HAL_Driver/Src/stm32f4xx_hal_exti.c ****   * @param  ExtiLine Exti line number.
 391:Drivers/STM32F4xx_HAL_Driver/Src/stm32f4xx_hal_exti.c ****   *         This parameter can be from 0 to @ref EXTI_LINE_NB.
 392:Drivers/STM32F4xx_HAL_Driver/Src/stm32f4xx_hal_exti.c ****   * @retval HAL Status.
 393:Drivers/STM32F4xx_HAL_Driver/Src/stm32f4xx_hal_exti.c ****   */
 394:Drivers/STM32F4xx_HAL_Driver/Src/stm32f4xx_hal_exti.c **** HAL_StatusTypeDef HAL_EXTI_GetHandle(EXTI_HandleTypeDef *hexti, uint32_t ExtiLine)
 395:Drivers/STM32F4xx_HAL_Driver/Src/stm32f4xx_hal_exti.c **** {
 623              		.loc 1 395 1 is_stmt 1 view -0
 624              		.cfi_startproc
 625              		@ args = 0, pretend = 0, frame = 0
 626              		@ frame_needed = 0, uses_anonymous_args = 0
 627              		@ link register save eliminated.
 396:Drivers/STM32F4xx_HAL_Driver/Src/stm32f4xx_hal_exti.c ****   /* Check the parameters */
 397:Drivers/STM32F4xx_HAL_Driver/Src/stm32f4xx_hal_exti.c ****   assert_param(IS_EXTI_LINE(ExtiLine));
 628              		.loc 1 397 3 view .LVU207
 398:Drivers/STM32F4xx_HAL_Driver/Src/stm32f4xx_hal_exti.c **** 
 399:Drivers/STM32F4xx_HAL_Driver/Src/stm32f4xx_hal_exti.c ****   /* Check null pointer */
 400:Drivers/STM32F4xx_HAL_Driver/Src/stm32f4xx_hal_exti.c ****   if (hexti == NULL)
 629              		.loc 1 400 3 view .LVU208
 630              		.loc 1 400 6 is_stmt 0 view .LVU209
ARM GAS  /tmp/ccaiQdui.s 			page 20


 631 0000 10B1     		cbz	r0, .L51
 401:Drivers/STM32F4xx_HAL_Driver/Src/stm32f4xx_hal_exti.c ****   {
 402:Drivers/STM32F4xx_HAL_Driver/Src/stm32f4xx_hal_exti.c ****     return HAL_ERROR;
 403:Drivers/STM32F4xx_HAL_Driver/Src/stm32f4xx_hal_exti.c ****   }
 404:Drivers/STM32F4xx_HAL_Driver/Src/stm32f4xx_hal_exti.c ****   else
 405:Drivers/STM32F4xx_HAL_Driver/Src/stm32f4xx_hal_exti.c ****   {
 406:Drivers/STM32F4xx_HAL_Driver/Src/stm32f4xx_hal_exti.c ****     /* Store line number as handle private field */
 407:Drivers/STM32F4xx_HAL_Driver/Src/stm32f4xx_hal_exti.c ****     hexti->Line = ExtiLine;
 632              		.loc 1 407 5 is_stmt 1 view .LVU210
 633              		.loc 1 407 17 is_stmt 0 view .LVU211
 634 0002 0160     		str	r1, [r0]
 408:Drivers/STM32F4xx_HAL_Driver/Src/stm32f4xx_hal_exti.c **** 
 409:Drivers/STM32F4xx_HAL_Driver/Src/stm32f4xx_hal_exti.c ****     return HAL_OK;
 635              		.loc 1 409 5 is_stmt 1 view .LVU212
 636              		.loc 1 409 12 is_stmt 0 view .LVU213
 637 0004 0020     		movs	r0, #0
 638              	.LVL50:
 639              		.loc 1 409 12 view .LVU214
 640 0006 7047     		bx	lr
 641              	.LVL51:
 642              	.L51:
 402:Drivers/STM32F4xx_HAL_Driver/Src/stm32f4xx_hal_exti.c ****   }
 643              		.loc 1 402 12 view .LVU215
 644 0008 0120     		movs	r0, #1
 645              	.LVL52:
 410:Drivers/STM32F4xx_HAL_Driver/Src/stm32f4xx_hal_exti.c ****   }
 411:Drivers/STM32F4xx_HAL_Driver/Src/stm32f4xx_hal_exti.c **** }
 646              		.loc 1 411 1 view .LVU216
 647 000a 7047     		bx	lr
 648              		.cfi_endproc
 649              	.LFE239:
 651              		.section	.text.HAL_EXTI_IRQHandler,"ax",%progbits
 652              		.align	1
 653              		.global	HAL_EXTI_IRQHandler
 654              		.syntax unified
 655              		.thumb
 656              		.thumb_func
 657              		.fpu fpv4-sp-d16
 659              	HAL_EXTI_IRQHandler:
 660              	.LVL53:
 661              	.LFB240:
 412:Drivers/STM32F4xx_HAL_Driver/Src/stm32f4xx_hal_exti.c **** 
 413:Drivers/STM32F4xx_HAL_Driver/Src/stm32f4xx_hal_exti.c **** /**
 414:Drivers/STM32F4xx_HAL_Driver/Src/stm32f4xx_hal_exti.c ****   * @}
 415:Drivers/STM32F4xx_HAL_Driver/Src/stm32f4xx_hal_exti.c ****   */
 416:Drivers/STM32F4xx_HAL_Driver/Src/stm32f4xx_hal_exti.c **** 
 417:Drivers/STM32F4xx_HAL_Driver/Src/stm32f4xx_hal_exti.c **** /** @addtogroup EXTI_Exported_Functions_Group2
 418:Drivers/STM32F4xx_HAL_Driver/Src/stm32f4xx_hal_exti.c ****   *  @brief EXTI IO functions.
 419:Drivers/STM32F4xx_HAL_Driver/Src/stm32f4xx_hal_exti.c ****   *
 420:Drivers/STM32F4xx_HAL_Driver/Src/stm32f4xx_hal_exti.c **** @verbatim
 421:Drivers/STM32F4xx_HAL_Driver/Src/stm32f4xx_hal_exti.c ****  ===============================================================================
 422:Drivers/STM32F4xx_HAL_Driver/Src/stm32f4xx_hal_exti.c ****                        ##### IO operation functions #####
 423:Drivers/STM32F4xx_HAL_Driver/Src/stm32f4xx_hal_exti.c ****  ===============================================================================
 424:Drivers/STM32F4xx_HAL_Driver/Src/stm32f4xx_hal_exti.c **** 
 425:Drivers/STM32F4xx_HAL_Driver/Src/stm32f4xx_hal_exti.c **** @endverbatim
 426:Drivers/STM32F4xx_HAL_Driver/Src/stm32f4xx_hal_exti.c ****   * @{
 427:Drivers/STM32F4xx_HAL_Driver/Src/stm32f4xx_hal_exti.c ****   */
ARM GAS  /tmp/ccaiQdui.s 			page 21


 428:Drivers/STM32F4xx_HAL_Driver/Src/stm32f4xx_hal_exti.c **** 
 429:Drivers/STM32F4xx_HAL_Driver/Src/stm32f4xx_hal_exti.c **** /**
 430:Drivers/STM32F4xx_HAL_Driver/Src/stm32f4xx_hal_exti.c ****   * @brief  Handle EXTI interrupt request.
 431:Drivers/STM32F4xx_HAL_Driver/Src/stm32f4xx_hal_exti.c ****   * @param  hexti Exti handle.
 432:Drivers/STM32F4xx_HAL_Driver/Src/stm32f4xx_hal_exti.c ****   * @retval none.
 433:Drivers/STM32F4xx_HAL_Driver/Src/stm32f4xx_hal_exti.c ****   */
 434:Drivers/STM32F4xx_HAL_Driver/Src/stm32f4xx_hal_exti.c **** void HAL_EXTI_IRQHandler(EXTI_HandleTypeDef *hexti)
 435:Drivers/STM32F4xx_HAL_Driver/Src/stm32f4xx_hal_exti.c **** {
 662              		.loc 1 435 1 is_stmt 1 view -0
 663              		.cfi_startproc
 664              		@ args = 0, pretend = 0, frame = 0
 665              		@ frame_needed = 0, uses_anonymous_args = 0
 666              		.loc 1 435 1 is_stmt 0 view .LVU218
 667 0000 08B5     		push	{r3, lr}
 668              		.cfi_def_cfa_offset 8
 669              		.cfi_offset 3, -8
 670              		.cfi_offset 14, -4
 436:Drivers/STM32F4xx_HAL_Driver/Src/stm32f4xx_hal_exti.c ****   uint32_t regval;
 671              		.loc 1 436 3 is_stmt 1 view .LVU219
 437:Drivers/STM32F4xx_HAL_Driver/Src/stm32f4xx_hal_exti.c ****   uint32_t maskline;
 672              		.loc 1 437 3 view .LVU220
 438:Drivers/STM32F4xx_HAL_Driver/Src/stm32f4xx_hal_exti.c **** 
 439:Drivers/STM32F4xx_HAL_Driver/Src/stm32f4xx_hal_exti.c ****   /* Compute line mask */
 440:Drivers/STM32F4xx_HAL_Driver/Src/stm32f4xx_hal_exti.c ****   maskline = (1uL << (hexti->Line & EXTI_PIN_MASK));
 673              		.loc 1 440 3 view .LVU221
 674              		.loc 1 440 28 is_stmt 0 view .LVU222
 675 0002 0368     		ldr	r3, [r0]
 676              		.loc 1 440 35 view .LVU223
 677 0004 03F01F02 		and	r2, r3, #31
 678              		.loc 1 440 12 view .LVU224
 679 0008 0123     		movs	r3, #1
 680 000a 9340     		lsls	r3, r3, r2
 681              	.LVL54:
 441:Drivers/STM32F4xx_HAL_Driver/Src/stm32f4xx_hal_exti.c **** 
 442:Drivers/STM32F4xx_HAL_Driver/Src/stm32f4xx_hal_exti.c ****   /* Get pending bit  */
 443:Drivers/STM32F4xx_HAL_Driver/Src/stm32f4xx_hal_exti.c ****   regval = (EXTI->PR & maskline);
 682              		.loc 1 443 3 is_stmt 1 view .LVU225
 683              		.loc 1 443 17 is_stmt 0 view .LVU226
 684 000c 044A     		ldr	r2, .L55
 685 000e 5269     		ldr	r2, [r2, #20]
 686              	.LVL55:
 444:Drivers/STM32F4xx_HAL_Driver/Src/stm32f4xx_hal_exti.c ****   if (regval != 0x00u)
 687              		.loc 1 444 3 is_stmt 1 view .LVU227
 688              		.loc 1 444 6 is_stmt 0 view .LVU228
 689 0010 1A42     		tst	r2, r3
 690 0012 04D0     		beq	.L52
 445:Drivers/STM32F4xx_HAL_Driver/Src/stm32f4xx_hal_exti.c ****   {
 446:Drivers/STM32F4xx_HAL_Driver/Src/stm32f4xx_hal_exti.c ****     /* Clear pending bit */
 447:Drivers/STM32F4xx_HAL_Driver/Src/stm32f4xx_hal_exti.c ****     EXTI->PR = maskline;
 691              		.loc 1 447 5 is_stmt 1 view .LVU229
 692              		.loc 1 447 14 is_stmt 0 view .LVU230
 693 0014 024A     		ldr	r2, .L55
 694              	.LVL56:
 695              		.loc 1 447 14 view .LVU231
 696 0016 5361     		str	r3, [r2, #20]
 448:Drivers/STM32F4xx_HAL_Driver/Src/stm32f4xx_hal_exti.c **** 
 449:Drivers/STM32F4xx_HAL_Driver/Src/stm32f4xx_hal_exti.c ****     /* Call callback */
ARM GAS  /tmp/ccaiQdui.s 			page 22


 450:Drivers/STM32F4xx_HAL_Driver/Src/stm32f4xx_hal_exti.c ****     if (hexti->PendingCallback != NULL)
 697              		.loc 1 450 5 is_stmt 1 view .LVU232
 698              		.loc 1 450 14 is_stmt 0 view .LVU233
 699 0018 4368     		ldr	r3, [r0, #4]
 700              	.LVL57:
 701              		.loc 1 450 8 view .LVU234
 702 001a 03B1     		cbz	r3, .L52
 451:Drivers/STM32F4xx_HAL_Driver/Src/stm32f4xx_hal_exti.c ****     {
 452:Drivers/STM32F4xx_HAL_Driver/Src/stm32f4xx_hal_exti.c ****       hexti->PendingCallback();
 703              		.loc 1 452 7 is_stmt 1 view .LVU235
 704 001c 9847     		blx	r3
 705              	.LVL58:
 706              	.L52:
 453:Drivers/STM32F4xx_HAL_Driver/Src/stm32f4xx_hal_exti.c ****     }
 454:Drivers/STM32F4xx_HAL_Driver/Src/stm32f4xx_hal_exti.c ****   }
 455:Drivers/STM32F4xx_HAL_Driver/Src/stm32f4xx_hal_exti.c **** }
 707              		.loc 1 455 1 is_stmt 0 view .LVU236
 708 001e 08BD     		pop	{r3, pc}
 709              	.L56:
 710              		.align	2
 711              	.L55:
 712 0020 003C0140 		.word	1073822720
 713              		.cfi_endproc
 714              	.LFE240:
 716              		.section	.text.HAL_EXTI_GetPending,"ax",%progbits
 717              		.align	1
 718              		.global	HAL_EXTI_GetPending
 719              		.syntax unified
 720              		.thumb
 721              		.thumb_func
 722              		.fpu fpv4-sp-d16
 724              	HAL_EXTI_GetPending:
 725              	.LVL59:
 726              	.LFB241:
 456:Drivers/STM32F4xx_HAL_Driver/Src/stm32f4xx_hal_exti.c **** 
 457:Drivers/STM32F4xx_HAL_Driver/Src/stm32f4xx_hal_exti.c **** /**
 458:Drivers/STM32F4xx_HAL_Driver/Src/stm32f4xx_hal_exti.c ****   * @brief  Get interrupt pending bit of a dedicated line.
 459:Drivers/STM32F4xx_HAL_Driver/Src/stm32f4xx_hal_exti.c ****   * @param  hexti Exti handle.
 460:Drivers/STM32F4xx_HAL_Driver/Src/stm32f4xx_hal_exti.c ****   * @param  Edge Specify which pending edge as to be checked.
 461:Drivers/STM32F4xx_HAL_Driver/Src/stm32f4xx_hal_exti.c ****   *         This parameter can be one of the following values:
 462:Drivers/STM32F4xx_HAL_Driver/Src/stm32f4xx_hal_exti.c ****   *           @arg @ref EXTI_TRIGGER_RISING_FALLING
 463:Drivers/STM32F4xx_HAL_Driver/Src/stm32f4xx_hal_exti.c ****   *         This parameter is kept for compatibility with other series.
 464:Drivers/STM32F4xx_HAL_Driver/Src/stm32f4xx_hal_exti.c ****   * @retval 1 if interrupt is pending else 0.
 465:Drivers/STM32F4xx_HAL_Driver/Src/stm32f4xx_hal_exti.c ****   */
 466:Drivers/STM32F4xx_HAL_Driver/Src/stm32f4xx_hal_exti.c **** uint32_t HAL_EXTI_GetPending(EXTI_HandleTypeDef *hexti, uint32_t Edge)
 467:Drivers/STM32F4xx_HAL_Driver/Src/stm32f4xx_hal_exti.c **** {
 727              		.loc 1 467 1 is_stmt 1 view -0
 728              		.cfi_startproc
 729              		@ args = 0, pretend = 0, frame = 0
 730              		@ frame_needed = 0, uses_anonymous_args = 0
 731              		@ link register save eliminated.
 468:Drivers/STM32F4xx_HAL_Driver/Src/stm32f4xx_hal_exti.c ****   uint32_t regval;
 732              		.loc 1 468 3 view .LVU238
 469:Drivers/STM32F4xx_HAL_Driver/Src/stm32f4xx_hal_exti.c ****   uint32_t linepos;
 733              		.loc 1 469 3 view .LVU239
 470:Drivers/STM32F4xx_HAL_Driver/Src/stm32f4xx_hal_exti.c ****   uint32_t maskline;
 734              		.loc 1 470 3 view .LVU240
ARM GAS  /tmp/ccaiQdui.s 			page 23


 471:Drivers/STM32F4xx_HAL_Driver/Src/stm32f4xx_hal_exti.c **** 
 472:Drivers/STM32F4xx_HAL_Driver/Src/stm32f4xx_hal_exti.c ****   /* Check parameters */
 473:Drivers/STM32F4xx_HAL_Driver/Src/stm32f4xx_hal_exti.c ****   assert_param(IS_EXTI_LINE(hexti->Line));
 735              		.loc 1 473 3 view .LVU241
 474:Drivers/STM32F4xx_HAL_Driver/Src/stm32f4xx_hal_exti.c ****   assert_param(IS_EXTI_CONFIG_LINE(hexti->Line));
 736              		.loc 1 474 3 view .LVU242
 475:Drivers/STM32F4xx_HAL_Driver/Src/stm32f4xx_hal_exti.c ****   assert_param(IS_EXTI_PENDING_EDGE(Edge));
 737              		.loc 1 475 3 view .LVU243
 476:Drivers/STM32F4xx_HAL_Driver/Src/stm32f4xx_hal_exti.c **** 
 477:Drivers/STM32F4xx_HAL_Driver/Src/stm32f4xx_hal_exti.c ****   /* Compute line mask */
 478:Drivers/STM32F4xx_HAL_Driver/Src/stm32f4xx_hal_exti.c ****   linepos = (hexti->Line & EXTI_PIN_MASK);
 738              		.loc 1 478 3 view .LVU244
 739              		.loc 1 478 19 is_stmt 0 view .LVU245
 740 0000 0368     		ldr	r3, [r0]
 741              		.loc 1 478 11 view .LVU246
 742 0002 03F01F03 		and	r3, r3, #31
 743              	.LVL60:
 479:Drivers/STM32F4xx_HAL_Driver/Src/stm32f4xx_hal_exti.c ****   maskline = (1uL << linepos);
 744              		.loc 1 479 3 is_stmt 1 view .LVU247
 745              		.loc 1 479 12 is_stmt 0 view .LVU248
 746 0006 0120     		movs	r0, #1
 747              	.LVL61:
 748              		.loc 1 479 12 view .LVU249
 749 0008 00FA03F2 		lsl	r2, r0, r3
 750              	.LVL62:
 480:Drivers/STM32F4xx_HAL_Driver/Src/stm32f4xx_hal_exti.c **** 
 481:Drivers/STM32F4xx_HAL_Driver/Src/stm32f4xx_hal_exti.c ****   /* return 1 if bit is set else 0 */
 482:Drivers/STM32F4xx_HAL_Driver/Src/stm32f4xx_hal_exti.c ****   regval = ((EXTI->PR & maskline) >> linepos);
 751              		.loc 1 482 3 is_stmt 1 view .LVU250
 752              		.loc 1 482 18 is_stmt 0 view .LVU251
 753 000c 0249     		ldr	r1, .L58
 754              	.LVL63:
 755              		.loc 1 482 18 view .LVU252
 756 000e 4869     		ldr	r0, [r1, #20]
 757              		.loc 1 482 23 view .LVU253
 758 0010 1040     		ands	r0, r0, r2
 759              	.LVL64:
 483:Drivers/STM32F4xx_HAL_Driver/Src/stm32f4xx_hal_exti.c ****   return regval;
 760              		.loc 1 483 3 is_stmt 1 view .LVU254
 484:Drivers/STM32F4xx_HAL_Driver/Src/stm32f4xx_hal_exti.c **** }
 761              		.loc 1 484 1 is_stmt 0 view .LVU255
 762 0012 D840     		lsrs	r0, r0, r3
 763              	.LVL65:
 764              		.loc 1 484 1 view .LVU256
 765 0014 7047     		bx	lr
 766              	.L59:
 767 0016 00BF     		.align	2
 768              	.L58:
 769 0018 003C0140 		.word	1073822720
 770              		.cfi_endproc
 771              	.LFE241:
 773              		.section	.text.HAL_EXTI_ClearPending,"ax",%progbits
 774              		.align	1
 775              		.global	HAL_EXTI_ClearPending
 776              		.syntax unified
 777              		.thumb
 778              		.thumb_func
ARM GAS  /tmp/ccaiQdui.s 			page 24


 779              		.fpu fpv4-sp-d16
 781              	HAL_EXTI_ClearPending:
 782              	.LVL66:
 783              	.LFB242:
 485:Drivers/STM32F4xx_HAL_Driver/Src/stm32f4xx_hal_exti.c **** 
 486:Drivers/STM32F4xx_HAL_Driver/Src/stm32f4xx_hal_exti.c **** /**
 487:Drivers/STM32F4xx_HAL_Driver/Src/stm32f4xx_hal_exti.c ****   * @brief  Clear interrupt pending bit of a dedicated line.
 488:Drivers/STM32F4xx_HAL_Driver/Src/stm32f4xx_hal_exti.c ****   * @param  hexti Exti handle.
 489:Drivers/STM32F4xx_HAL_Driver/Src/stm32f4xx_hal_exti.c ****   * @param  Edge Specify which pending edge as to be clear.
 490:Drivers/STM32F4xx_HAL_Driver/Src/stm32f4xx_hal_exti.c ****   *         This parameter can be one of the following values:
 491:Drivers/STM32F4xx_HAL_Driver/Src/stm32f4xx_hal_exti.c ****   *           @arg @ref EXTI_TRIGGER_RISING_FALLING
 492:Drivers/STM32F4xx_HAL_Driver/Src/stm32f4xx_hal_exti.c ****   *         This parameter is kept for compatibility with other series.
 493:Drivers/STM32F4xx_HAL_Driver/Src/stm32f4xx_hal_exti.c ****   * @retval None.
 494:Drivers/STM32F4xx_HAL_Driver/Src/stm32f4xx_hal_exti.c ****   */
 495:Drivers/STM32F4xx_HAL_Driver/Src/stm32f4xx_hal_exti.c **** void HAL_EXTI_ClearPending(EXTI_HandleTypeDef *hexti, uint32_t Edge)
 496:Drivers/STM32F4xx_HAL_Driver/Src/stm32f4xx_hal_exti.c **** {
 784              		.loc 1 496 1 is_stmt 1 view -0
 785              		.cfi_startproc
 786              		@ args = 0, pretend = 0, frame = 0
 787              		@ frame_needed = 0, uses_anonymous_args = 0
 788              		@ link register save eliminated.
 497:Drivers/STM32F4xx_HAL_Driver/Src/stm32f4xx_hal_exti.c ****   uint32_t maskline;
 789              		.loc 1 497 3 view .LVU258
 498:Drivers/STM32F4xx_HAL_Driver/Src/stm32f4xx_hal_exti.c **** 
 499:Drivers/STM32F4xx_HAL_Driver/Src/stm32f4xx_hal_exti.c ****   /* Check parameters */
 500:Drivers/STM32F4xx_HAL_Driver/Src/stm32f4xx_hal_exti.c ****   assert_param(IS_EXTI_LINE(hexti->Line));
 790              		.loc 1 500 3 view .LVU259
 501:Drivers/STM32F4xx_HAL_Driver/Src/stm32f4xx_hal_exti.c ****   assert_param(IS_EXTI_CONFIG_LINE(hexti->Line));
 791              		.loc 1 501 3 view .LVU260
 502:Drivers/STM32F4xx_HAL_Driver/Src/stm32f4xx_hal_exti.c ****   assert_param(IS_EXTI_PENDING_EDGE(Edge));
 792              		.loc 1 502 3 view .LVU261
 503:Drivers/STM32F4xx_HAL_Driver/Src/stm32f4xx_hal_exti.c **** 
 504:Drivers/STM32F4xx_HAL_Driver/Src/stm32f4xx_hal_exti.c ****   /* Compute line mask */
 505:Drivers/STM32F4xx_HAL_Driver/Src/stm32f4xx_hal_exti.c ****   maskline = (1uL << (hexti->Line & EXTI_PIN_MASK));
 793              		.loc 1 505 3 view .LVU262
 794              		.loc 1 505 28 is_stmt 0 view .LVU263
 795 0000 0268     		ldr	r2, [r0]
 796              		.loc 1 505 35 view .LVU264
 797 0002 02F01F02 		and	r2, r2, #31
 798              		.loc 1 505 12 view .LVU265
 799 0006 0123     		movs	r3, #1
 800 0008 9340     		lsls	r3, r3, r2
 801              	.LVL67:
 506:Drivers/STM32F4xx_HAL_Driver/Src/stm32f4xx_hal_exti.c **** 
 507:Drivers/STM32F4xx_HAL_Driver/Src/stm32f4xx_hal_exti.c ****   /* Clear Pending bit */
 508:Drivers/STM32F4xx_HAL_Driver/Src/stm32f4xx_hal_exti.c ****   EXTI->PR =  maskline;
 802              		.loc 1 508 3 is_stmt 1 view .LVU266
 803              		.loc 1 508 12 is_stmt 0 view .LVU267
 804 000a 014A     		ldr	r2, .L61
 805 000c 5361     		str	r3, [r2, #20]
 509:Drivers/STM32F4xx_HAL_Driver/Src/stm32f4xx_hal_exti.c **** }
 806              		.loc 1 509 1 view .LVU268
 807 000e 7047     		bx	lr
 808              	.L62:
 809              		.align	2
 810              	.L61:
 811 0010 003C0140 		.word	1073822720
ARM GAS  /tmp/ccaiQdui.s 			page 25


 812              		.cfi_endproc
 813              	.LFE242:
 815              		.section	.text.HAL_EXTI_GenerateSWI,"ax",%progbits
 816              		.align	1
 817              		.global	HAL_EXTI_GenerateSWI
 818              		.syntax unified
 819              		.thumb
 820              		.thumb_func
 821              		.fpu fpv4-sp-d16
 823              	HAL_EXTI_GenerateSWI:
 824              	.LVL68:
 825              	.LFB243:
 510:Drivers/STM32F4xx_HAL_Driver/Src/stm32f4xx_hal_exti.c **** 
 511:Drivers/STM32F4xx_HAL_Driver/Src/stm32f4xx_hal_exti.c **** /**
 512:Drivers/STM32F4xx_HAL_Driver/Src/stm32f4xx_hal_exti.c ****   * @brief  Generate a software interrupt for a dedicated line.
 513:Drivers/STM32F4xx_HAL_Driver/Src/stm32f4xx_hal_exti.c ****   * @param  hexti Exti handle.
 514:Drivers/STM32F4xx_HAL_Driver/Src/stm32f4xx_hal_exti.c ****   * @retval None.
 515:Drivers/STM32F4xx_HAL_Driver/Src/stm32f4xx_hal_exti.c ****   */
 516:Drivers/STM32F4xx_HAL_Driver/Src/stm32f4xx_hal_exti.c **** void HAL_EXTI_GenerateSWI(EXTI_HandleTypeDef *hexti)
 517:Drivers/STM32F4xx_HAL_Driver/Src/stm32f4xx_hal_exti.c **** {
 826              		.loc 1 517 1 is_stmt 1 view -0
 827              		.cfi_startproc
 828              		@ args = 0, pretend = 0, frame = 0
 829              		@ frame_needed = 0, uses_anonymous_args = 0
 830              		@ link register save eliminated.
 518:Drivers/STM32F4xx_HAL_Driver/Src/stm32f4xx_hal_exti.c ****   uint32_t maskline;
 831              		.loc 1 518 3 view .LVU270
 519:Drivers/STM32F4xx_HAL_Driver/Src/stm32f4xx_hal_exti.c **** 
 520:Drivers/STM32F4xx_HAL_Driver/Src/stm32f4xx_hal_exti.c ****   /* Check parameters */
 521:Drivers/STM32F4xx_HAL_Driver/Src/stm32f4xx_hal_exti.c ****   assert_param(IS_EXTI_LINE(hexti->Line));
 832              		.loc 1 521 3 view .LVU271
 522:Drivers/STM32F4xx_HAL_Driver/Src/stm32f4xx_hal_exti.c ****   assert_param(IS_EXTI_CONFIG_LINE(hexti->Line));
 833              		.loc 1 522 3 view .LVU272
 523:Drivers/STM32F4xx_HAL_Driver/Src/stm32f4xx_hal_exti.c **** 
 524:Drivers/STM32F4xx_HAL_Driver/Src/stm32f4xx_hal_exti.c ****   /* Compute line mask */
 525:Drivers/STM32F4xx_HAL_Driver/Src/stm32f4xx_hal_exti.c ****   maskline = (1uL << (hexti->Line & EXTI_PIN_MASK));
 834              		.loc 1 525 3 view .LVU273
 835              		.loc 1 525 28 is_stmt 0 view .LVU274
 836 0000 0268     		ldr	r2, [r0]
 837              		.loc 1 525 35 view .LVU275
 838 0002 02F01F02 		and	r2, r2, #31
 839              		.loc 1 525 12 view .LVU276
 840 0006 0123     		movs	r3, #1
 841 0008 9340     		lsls	r3, r3, r2
 842              	.LVL69:
 526:Drivers/STM32F4xx_HAL_Driver/Src/stm32f4xx_hal_exti.c **** 
 527:Drivers/STM32F4xx_HAL_Driver/Src/stm32f4xx_hal_exti.c ****   /* Generate Software interrupt */
 528:Drivers/STM32F4xx_HAL_Driver/Src/stm32f4xx_hal_exti.c ****   EXTI->SWIER = maskline;
 843              		.loc 1 528 3 is_stmt 1 view .LVU277
 844              		.loc 1 528 15 is_stmt 0 view .LVU278
 845 000a 014A     		ldr	r2, .L64
 846 000c 1361     		str	r3, [r2, #16]
 529:Drivers/STM32F4xx_HAL_Driver/Src/stm32f4xx_hal_exti.c **** }
 847              		.loc 1 529 1 view .LVU279
 848 000e 7047     		bx	lr
 849              	.L65:
 850              		.align	2
ARM GAS  /tmp/ccaiQdui.s 			page 26


 851              	.L64:
 852 0010 003C0140 		.word	1073822720
 853              		.cfi_endproc
 854              	.LFE243:
 856              		.text
 857              	.Letext0:
 858              		.file 2 "Drivers/CMSIS/Device/ST/STM32F4xx/Include/stm32f446xx.h"
 859              		.file 3 "/usr/lib/gcc/arm-none-eabi/10.3.1/include/stdint.h"
 860              		.file 4 "Drivers/STM32F4xx_HAL_Driver/Inc/stm32f4xx_hal_def.h"
 861              		.file 5 "Drivers/STM32F4xx_HAL_Driver/Inc/stm32f4xx_hal_exti.h"
ARM GAS  /tmp/ccaiQdui.s 			page 27


DEFINED SYMBOLS
                            *ABS*:0000000000000000 stm32f4xx_hal_exti.c
     /tmp/ccaiQdui.s:18     .text.HAL_EXTI_SetConfigLine:0000000000000000 $t
     /tmp/ccaiQdui.s:26     .text.HAL_EXTI_SetConfigLine:0000000000000000 HAL_EXTI_SetConfigLine
     /tmp/ccaiQdui.s:240    .text.HAL_EXTI_SetConfigLine:00000000000000d0 $d
     /tmp/ccaiQdui.s:246    .text.HAL_EXTI_GetConfigLine:0000000000000000 $t
     /tmp/ccaiQdui.s:253    .text.HAL_EXTI_GetConfigLine:0000000000000000 HAL_EXTI_GetConfigLine
     /tmp/ccaiQdui.s:417    .text.HAL_EXTI_GetConfigLine:00000000000000a0 $d
     /tmp/ccaiQdui.s:423    .text.HAL_EXTI_ClearConfigLine:0000000000000000 $t
     /tmp/ccaiQdui.s:430    .text.HAL_EXTI_ClearConfigLine:0000000000000000 HAL_EXTI_ClearConfigLine
     /tmp/ccaiQdui.s:567    .text.HAL_EXTI_ClearConfigLine:0000000000000080 $d
     /tmp/ccaiQdui.s:573    .text.HAL_EXTI_RegisterCallback:0000000000000000 $t
     /tmp/ccaiQdui.s:580    .text.HAL_EXTI_RegisterCallback:0000000000000000 HAL_EXTI_RegisterCallback
     /tmp/ccaiQdui.s:613    .text.HAL_EXTI_GetHandle:0000000000000000 $t
     /tmp/ccaiQdui.s:620    .text.HAL_EXTI_GetHandle:0000000000000000 HAL_EXTI_GetHandle
     /tmp/ccaiQdui.s:652    .text.HAL_EXTI_IRQHandler:0000000000000000 $t
     /tmp/ccaiQdui.s:659    .text.HAL_EXTI_IRQHandler:0000000000000000 HAL_EXTI_IRQHandler
     /tmp/ccaiQdui.s:712    .text.HAL_EXTI_IRQHandler:0000000000000020 $d
     /tmp/ccaiQdui.s:717    .text.HAL_EXTI_GetPending:0000000000000000 $t
     /tmp/ccaiQdui.s:724    .text.HAL_EXTI_GetPending:0000000000000000 HAL_EXTI_GetPending
     /tmp/ccaiQdui.s:769    .text.HAL_EXTI_GetPending:0000000000000018 $d
     /tmp/ccaiQdui.s:774    .text.HAL_EXTI_ClearPending:0000000000000000 $t
     /tmp/ccaiQdui.s:781    .text.HAL_EXTI_ClearPending:0000000000000000 HAL_EXTI_ClearPending
     /tmp/ccaiQdui.s:811    .text.HAL_EXTI_ClearPending:0000000000000010 $d
     /tmp/ccaiQdui.s:816    .text.HAL_EXTI_GenerateSWI:0000000000000000 $t
     /tmp/ccaiQdui.s:823    .text.HAL_EXTI_GenerateSWI:0000000000000000 HAL_EXTI_GenerateSWI
     /tmp/ccaiQdui.s:852    .text.HAL_EXTI_GenerateSWI:0000000000000010 $d

NO UNDEFINED SYMBOLS
